CRITICAL - 2024-05-25 13:43:10 --> Invalid file: "Layout/dashboard.php"
in SYSTEMPATH\Exceptions\FrameworkException.php on line 39.
 1 SYSTEMPATH\View\View.php(216): CodeIgniter\Exceptions\FrameworkException::forInvalidFile('Layout/dashboard.php')
 2 SYSTEMPATH\Common.php(1190): CodeIgniter\View\View->render('Layout/dashboard', [], true)
 3 APPPATH\Controllers\Home.php(9): view('Layout/dashboard')
 4 SYSTEMPATH\CodeIgniter.php(942): App\Controllers\Home->index()
 5 SYSTEMPATH\CodeIgniter.php(502): CodeIgniter\CodeIgniter->runController(Object(App\Controllers\Home))
 6 SYSTEMPATH\CodeIgniter.php(361): CodeIgniter\CodeIgniter->handleRequest(null, Object(Config\Cache), false)
 7 FCPATH\index.php(79): CodeIgniter\CodeIgniter->run()
 8 SYSTEMPATH\Commands\Server\rewrite.php(47): require_once('C:\\laragon\\www\\Sistem-pembayaran\\public\\index.php')
CRITICAL - 2024-05-25 13:43:12 --> Invalid file: "Layout/dashboard.php"
in SYSTEMPATH\Exceptions\FrameworkException.php on line 39.
 1 SYSTEMPATH\View\View.php(216): CodeIgniter\Exceptions\FrameworkException::forInvalidFile('Layout/dashboard.php')
 2 SYSTEMPATH\Common.php(1190): CodeIgniter\View\View->render('Layout/dashboard', [], true)
 3 APPPATH\Controllers\Home.php(9): view('Layout/dashboard')
 4 SYSTEMPATH\CodeIgniter.php(942): App\Controllers\Home->index()
 5 SYSTEMPATH\CodeIgniter.php(502): CodeIgniter\CodeIgniter->runController(Object(App\Controllers\Home))
 6 SYSTEMPATH\CodeIgniter.php(361): CodeIgniter\CodeIgniter->handleRequest(null, Object(Config\Cache), false)
 7 FCPATH\index.php(79): CodeIgniter\CodeIgniter->run()
 8 SYSTEMPATH\Commands\Server\rewrite.php(47): require_once('C:\\laragon\\www\\Sistem-pembayaran\\public\\index.php')
CRITICAL - 2024-05-25 13:43:15 --> Invalid file: "Layout/dashboard.php"
in SYSTEMPATH\Exceptions\FrameworkException.php on line 39.
 1 SYSTEMPATH\View\View.php(216): CodeIgniter\Exceptions\FrameworkException::forInvalidFile('Layout/dashboard.php')
 2 SYSTEMPATH\Common.php(1190): CodeIgniter\View\View->render('Layout/dashboard', [], true)
 3 APPPATH\Controllers\Home.php(9): view('Layout/dashboard')
 4 SYSTEMPATH\CodeIgniter.php(942): App\Controllers\Home->index()
 5 SYSTEMPATH\CodeIgniter.php(502): CodeIgniter\CodeIgniter->runController(Object(App\Controllers\Home))
 6 SYSTEMPATH\CodeIgniter.php(361): CodeIgniter\CodeIgniter->handleRequest(null, Object(Config\Cache), false)
 7 FCPATH\index.php(79): CodeIgniter\CodeIgniter->run()
 8 SYSTEMPATH\Commands\Server\rewrite.php(47): require_once('C:\\laragon\\www\\Sistem-pembayaran\\public\\index.php')
