INFO - 2024-07-14 00:00:06 --> Session: Class initialized using 'CodeIgniter\Session\Handlers\FileHandler' driver.
INFO - 2024-07-14 00:06:21 --> Session: Class initialized using 'CodeIgniter\Session\Handlers\FileHandler' driver.
INFO - 2024-07-14 00:06:37 --> Session: Class initialized using 'CodeIgniter\Session\Handlers\FileHandler' driver.
INFO - 2024-07-14 00:07:40 --> Session: Class initialized using 'CodeIgniter\Session\Handlers\FileHandler' driver.
INFO - 2024-07-14 00:07:51 --> Session: Class initialized using 'CodeIgniter\Session\Handlers\FileHandler' driver.
INFO - 2024-07-14 00:25:07 --> Session: Class initialized using 'CodeIgniter\Session\Handlers\FileHandler' driver.
INFO - 2024-07-14 00:25:41 --> Session: Class initialized using 'CodeIgniter\Session\Handlers\FileHandler' driver.
INFO - 2024-07-14 00:26:03 --> Session: Class initialized using 'CodeIgniter\Session\Handlers\FileHandler' driver.
INFO - 2024-07-14 00:27:11 --> Session: Class initialized using 'CodeIgniter\Session\Handlers\FileHandler' driver.
INFO - 2024-07-14 03:21:49 --> Session: Class initialized using 'CodeIgniter\Session\Handlers\FileHandler' driver.
INFO - 2024-07-14 03:22:04 --> Session: Class initialized using 'CodeIgniter\Session\Handlers\FileHandler' driver.
INFO - 2024-07-14 03:22:05 --> Session: Class initialized using 'CodeIgniter\Session\Handlers\FileHandler' driver.
INFO - 2024-07-14 03:23:13 --> Session: Class initialized using 'CodeIgniter\Session\Handlers\FileHandler' driver.
INFO - 2024-07-14 03:24:50 --> Session: Class initialized using 'CodeIgniter\Session\Handlers\FileHandler' driver.
INFO - 2024-07-14 03:25:36 --> Session: Class initialized using 'CodeIgniter\Session\Handlers\FileHandler' driver.
INFO - 2024-07-14 03:29:26 --> Session: Class initialized using 'CodeIgniter\Session\Handlers\FileHandler' driver.
INFO - 2024-07-14 03:29:28 --> Session: Class initialized using 'CodeIgniter\Session\Handlers\FileHandler' driver.
INFO - 2024-07-14 03:30:31 --> Session: Class initialized using 'CodeIgniter\Session\Handlers\FileHandler' driver.
INFO - 2024-07-14 03:30:37 --> Session: Class initialized using 'CodeIgniter\Session\Handlers\FileHandler' driver.
INFO - 2024-07-14 03:31:33 --> Session: Class initialized using 'CodeIgniter\Session\Handlers\FileHandler' driver.
INFO - 2024-07-14 03:37:42 --> Session: Class initialized using 'CodeIgniter\Session\Handlers\FileHandler' driver.
INFO - 2024-07-14 03:37:57 --> Session: Class initialized using 'CodeIgniter\Session\Handlers\FileHandler' driver.
INFO - 2024-07-14 03:38:01 --> Session: Class initialized using 'CodeIgniter\Session\Handlers\FileHandler' driver.
INFO - 2024-07-14 03:39:09 --> Session: Class initialized using 'CodeIgniter\Session\Handlers\FileHandler' driver.
INFO - 2024-07-14 03:39:23 --> Session: Class initialized using 'CodeIgniter\Session\Handlers\FileHandler' driver.
INFO - 2024-07-14 03:39:34 --> Session: Class initialized using 'CodeIgniter\Session\Handlers\FileHandler' driver.
INFO - 2024-07-14 03:40:53 --> Session: Class initialized using 'CodeIgniter\Session\Handlers\FileHandler' driver.
INFO - 2024-07-14 03:40:54 --> Session: Class initialized using 'CodeIgniter\Session\Handlers\FileHandler' driver.
INFO - 2024-07-14 03:40:56 --> Session: Class initialized using 'CodeIgniter\Session\Handlers\FileHandler' driver.
INFO - 2024-07-14 03:42:57 --> Session: Class initialized using 'CodeIgniter\Session\Handlers\FileHandler' driver.
INFO - 2024-07-14 03:44:48 --> Session: Class initialized using 'CodeIgniter\Session\Handlers\FileHandler' driver.
INFO - 2024-07-14 03:44:50 --> Session: Class initialized using 'CodeIgniter\Session\Handlers\FileHandler' driver.
INFO - 2024-07-14 03:45:49 --> Session: Class initialized using 'CodeIgniter\Session\Handlers\FileHandler' driver.
INFO - 2024-07-14 03:47:50 --> Session: Class initialized using 'CodeIgniter\Session\Handlers\FileHandler' driver.
CRITICAL - 2024-07-14 03:49:15 --> Undefined array key "semester"
in APPPATH\Views\Pembayaran\Pembayaran_user.php on line 11.
 1 APPPATH\Views\Pembayaran\Pembayaran_user.php(11): CodeIgniter\Debug\Exceptions->errorHandler(2, 'Undefined array key "semester"', 'C:\\laragon\\www\\Sistem-pembayaran\\app\\Views\\Pembayaran\\Pembayaran_user.php', 11)
 2 SYSTEMPATH\View\View.php(228): include('C:\\laragon\\www\\Sistem-pembayaran\\app\\Views\\Pembayaran\\Pembayaran_user.php')
 3 SYSTEMPATH\View\View.php(231): CodeIgniter\View\View->CodeIgniter\View\{closure}()
 4 SYSTEMPATH\Common.php(1190): CodeIgniter\View\View->render('Pembayaran/Pembayaran_user', [], true)
 5 APPPATH\Controllers\Payment_controller.php(31): view('Pembayaran/Pembayaran_user', [...])
 6 SYSTEMPATH\CodeIgniter.php(942): App\Controllers\Payment_controller->Payment_user('007')
 7 SYSTEMPATH\CodeIgniter.php(502): CodeIgniter\CodeIgniter->runController(Object(App\Controllers\Payment_controller))
 8 SYSTEMPATH\CodeIgniter.php(361): CodeIgniter\CodeIgniter->handleRequest(null, Object(Config\Cache), false)
 9 FCPATH\index.php(79): CodeIgniter\CodeIgniter->run()
10 SYSTEMPATH\Commands\Server\rewrite.php(47): require_once('C:\\laragon\\www\\Sistem-pembayaran\\public\\index.php')
INFO - 2024-07-14 04:32:49 --> Session: Class initialized using 'CodeIgniter\Session\Handlers\FileHandler' driver.
INFO - 2024-07-14 04:32:51 --> Session: Class initialized using 'CodeIgniter\Session\Handlers\FileHandler' driver.
INFO - 2024-07-14 04:32:55 --> Session: Class initialized using 'CodeIgniter\Session\Handlers\FileHandler' driver.
INFO - 2024-07-14 04:33:06 --> Session: Class initialized using 'CodeIgniter\Session\Handlers\FileHandler' driver.
ERROR - 2024-07-14 04:33:44 --> mysqli_sql_exception: Unknown column 'updated_at' in 'field list' in C:\laragon\www\Sistem-pembayaran\system\Database\MySQLi\Connection.php:306
Stack trace:
#0 C:\laragon\www\Sistem-pembayaran\system\Database\MySQLi\Connection.php(306): mysqli->query('INSERT INTO `us...', 0)
#1 C:\laragon\www\Sistem-pembayaran\system\Database\BaseConnection.php(693): CodeIgniter\Database\MySQLi\Connection->execute('INSERT INTO `us...')
#2 C:\laragon\www\Sistem-pembayaran\system\Database\BaseConnection.php(607): CodeIgniter\Database\BaseConnection->simpleQuery('INSERT INTO `us...')
#3 C:\laragon\www\Sistem-pembayaran\system\Database\BaseBuilder.php(2308): CodeIgniter\Database\BaseConnection->query('INSERT INTO `us...', Array, false)
#4 C:\laragon\www\Sistem-pembayaran\system\Model.php(319): CodeIgniter\Database\BaseBuilder->insert()
#5 C:\laragon\www\Sistem-pembayaran\system\BaseModel.php(788): CodeIgniter\Model->doInsert(Array)
#6 C:\laragon\www\Sistem-pembayaran\system\Model.php(715): CodeIgniter\BaseModel->insert(Array, true)
#7 C:\laragon\www\Sistem-pembayaran\app\Controllers\Auth.php(139): CodeIgniter\Model->insert(Array)
#8 C:\laragon\www\Sistem-pembayaran\system\CodeIgniter.php(942): App\Controllers\Auth->add()
#9 C:\laragon\www\Sistem-pembayaran\system\CodeIgniter.php(502): CodeIgniter\CodeIgniter->runController(Object(App\Controllers\Auth))
#10 C:\laragon\www\Sistem-pembayaran\system\CodeIgniter.php(361): CodeIgniter\CodeIgniter->handleRequest(NULL, Object(Config\Cache), false)
#11 C:\laragon\www\Sistem-pembayaran\public\index.php(79): CodeIgniter\CodeIgniter->run()
#12 C:\laragon\www\Sistem-pembayaran\system\Commands\Server\rewrite.php(47): require_once('C:\\laragon\\www\\...')
#13 {main}
CRITICAL - 2024-07-14 04:33:44 --> Unknown column 'updated_at' in 'field list'
in SYSTEMPATH\Database\BaseConnection.php on line 647.
 1 SYSTEMPATH\Database\BaseBuilder.php(2308): CodeIgniter\Database\BaseConnection->query('INSERT INTO `users` (`nama`, `nim`, `password`, `is_admin`, `jenis_kelamin`, `semester`, `alamat`, `no_hp`, `tgl_lahir`, `tempat_lahir`, `foto`, `created_at`, `updated_at`) VALUES (:nama:, :nim:, :password:, :is_admin:, :jenis_kelamin:, :semester:, :alamat:, :no_hp:, :tgl_lahir:, :tempat_lahir:, :foto:, :created_at:, :updated_at:)', [...], false)
 2 SYSTEMPATH\Model.php(319): CodeIgniter\Database\BaseBuilder->insert()
 3 SYSTEMPATH\BaseModel.php(788): CodeIgniter\Model->doInsert([...])
 4 SYSTEMPATH\Model.php(715): CodeIgniter\BaseModel->insert([...], true)
 5 APPPATH\Controllers\Auth.php(139): CodeIgniter\Model->insert([...])
 6 SYSTEMPATH\CodeIgniter.php(942): App\Controllers\Auth->add()
 7 SYSTEMPATH\CodeIgniter.php(502): CodeIgniter\CodeIgniter->runController(Object(App\Controllers\Auth))
 8 SYSTEMPATH\CodeIgniter.php(361): CodeIgniter\CodeIgniter->handleRequest(null, Object(Config\Cache), false)
 9 FCPATH\index.php(79): CodeIgniter\CodeIgniter->run()
10 SYSTEMPATH\Commands\Server\rewrite.php(47): require_once('C:\\laragon\\www\\Sistem-pembayaran\\public\\index.php')
ERROR - 2024-07-14 04:35:20 --> mysqli_sql_exception: Unknown column 'updated_at' in 'field list' in C:\laragon\www\Sistem-pembayaran\system\Database\MySQLi\Connection.php:306
Stack trace:
#0 C:\laragon\www\Sistem-pembayaran\system\Database\MySQLi\Connection.php(306): mysqli->query('INSERT INTO `us...', 0)
#1 C:\laragon\www\Sistem-pembayaran\system\Database\BaseConnection.php(693): CodeIgniter\Database\MySQLi\Connection->execute('INSERT INTO `us...')
#2 C:\laragon\www\Sistem-pembayaran\system\Database\BaseConnection.php(607): CodeIgniter\Database\BaseConnection->simpleQuery('INSERT INTO `us...')
#3 C:\laragon\www\Sistem-pembayaran\system\Database\BaseBuilder.php(2308): CodeIgniter\Database\BaseConnection->query('INSERT INTO `us...', Array, false)
#4 C:\laragon\www\Sistem-pembayaran\system\Model.php(319): CodeIgniter\Database\BaseBuilder->insert()
#5 C:\laragon\www\Sistem-pembayaran\system\BaseModel.php(788): CodeIgniter\Model->doInsert(Array)
#6 C:\laragon\www\Sistem-pembayaran\system\Model.php(715): CodeIgniter\BaseModel->insert(Array, true)
#7 C:\laragon\www\Sistem-pembayaran\app\Controllers\Auth.php(139): CodeIgniter\Model->insert(Array)
#8 C:\laragon\www\Sistem-pembayaran\system\CodeIgniter.php(942): App\Controllers\Auth->add()
#9 C:\laragon\www\Sistem-pembayaran\system\CodeIgniter.php(502): CodeIgniter\CodeIgniter->runController(Object(App\Controllers\Auth))
#10 C:\laragon\www\Sistem-pembayaran\system\CodeIgniter.php(361): CodeIgniter\CodeIgniter->handleRequest(NULL, Object(Config\Cache), false)
#11 C:\laragon\www\Sistem-pembayaran\public\index.php(79): CodeIgniter\CodeIgniter->run()
#12 C:\laragon\www\Sistem-pembayaran\system\Commands\Server\rewrite.php(47): require_once('C:\\laragon\\www\\...')
#13 {main}
CRITICAL - 2024-07-14 04:35:20 --> Unknown column 'updated_at' in 'field list'
in SYSTEMPATH\Database\BaseConnection.php on line 647.
 1 SYSTEMPATH\Database\BaseBuilder.php(2308): CodeIgniter\Database\BaseConnection->query('INSERT INTO `users` (`nama`, `nim`, `password`, `is_admin`, `jenis_kelamin`, `semester`, `alamat`, `no_hp`, `tgl_lahir`, `tempat_lahir`, `foto`, `created_at`, `updated_at`) VALUES (:nama:, :nim:, :password:, :is_admin:, :jenis_kelamin:, :semester:, :alamat:, :no_hp:, :tgl_lahir:, :tempat_lahir:, :foto:, :created_at:, :updated_at:)', [...], false)
 2 SYSTEMPATH\Model.php(319): CodeIgniter\Database\BaseBuilder->insert()
 3 SYSTEMPATH\BaseModel.php(788): CodeIgniter\Model->doInsert([...])
 4 SYSTEMPATH\Model.php(715): CodeIgniter\BaseModel->insert([...], true)
 5 APPPATH\Controllers\Auth.php(139): CodeIgniter\Model->insert([...])
 6 SYSTEMPATH\CodeIgniter.php(942): App\Controllers\Auth->add()
 7 SYSTEMPATH\CodeIgniter.php(502): CodeIgniter\CodeIgniter->runController(Object(App\Controllers\Auth))
 8 SYSTEMPATH\CodeIgniter.php(361): CodeIgniter\CodeIgniter->handleRequest(null, Object(Config\Cache), false)
 9 FCPATH\index.php(79): CodeIgniter\CodeIgniter->run()
10 SYSTEMPATH\Commands\Server\rewrite.php(47): require_once('C:\\laragon\\www\\Sistem-pembayaran\\public\\index.php')
INFO - 2024-07-14 04:35:29 --> Session: Class initialized using 'CodeIgniter\Session\Handlers\FileHandler' driver.
INFO - 2024-07-14 04:35:31 --> Session: Class initialized using 'CodeIgniter\Session\Handlers\FileHandler' driver.
ERROR - 2024-07-14 04:36:09 --> mysqli_sql_exception: Unknown column 'updated_at' in 'field list' in C:\laragon\www\Sistem-pembayaran\system\Database\MySQLi\Connection.php:306
Stack trace:
#0 C:\laragon\www\Sistem-pembayaran\system\Database\MySQLi\Connection.php(306): mysqli->query('INSERT INTO `us...', 0)
#1 C:\laragon\www\Sistem-pembayaran\system\Database\BaseConnection.php(693): CodeIgniter\Database\MySQLi\Connection->execute('INSERT INTO `us...')
#2 C:\laragon\www\Sistem-pembayaran\system\Database\BaseConnection.php(607): CodeIgniter\Database\BaseConnection->simpleQuery('INSERT INTO `us...')
#3 C:\laragon\www\Sistem-pembayaran\system\Database\BaseBuilder.php(2308): CodeIgniter\Database\BaseConnection->query('INSERT INTO `us...', Array, false)
#4 C:\laragon\www\Sistem-pembayaran\system\Model.php(319): CodeIgniter\Database\BaseBuilder->insert()
#5 C:\laragon\www\Sistem-pembayaran\system\BaseModel.php(788): CodeIgniter\Model->doInsert(Array)
#6 C:\laragon\www\Sistem-pembayaran\system\Model.php(715): CodeIgniter\BaseModel->insert(Array, true)
#7 C:\laragon\www\Sistem-pembayaran\app\Controllers\Auth.php(139): CodeIgniter\Model->insert(Array)
#8 C:\laragon\www\Sistem-pembayaran\system\CodeIgniter.php(942): App\Controllers\Auth->add()
#9 C:\laragon\www\Sistem-pembayaran\system\CodeIgniter.php(502): CodeIgniter\CodeIgniter->runController(Object(App\Controllers\Auth))
#10 C:\laragon\www\Sistem-pembayaran\system\CodeIgniter.php(361): CodeIgniter\CodeIgniter->handleRequest(NULL, Object(Config\Cache), false)
#11 C:\laragon\www\Sistem-pembayaran\public\index.php(79): CodeIgniter\CodeIgniter->run()
#12 C:\laragon\www\Sistem-pembayaran\system\Commands\Server\rewrite.php(47): require_once('C:\\laragon\\www\\...')
#13 {main}
CRITICAL - 2024-07-14 04:36:09 --> Unknown column 'updated_at' in 'field list'
in SYSTEMPATH\Database\BaseConnection.php on line 647.
 1 SYSTEMPATH\Database\BaseBuilder.php(2308): CodeIgniter\Database\BaseConnection->query('INSERT INTO `users` (`nama`, `nim`, `password`, `is_admin`, `jenis_kelamin`, `semester`, `alamat`, `no_hp`, `tgl_lahir`, `tempat_lahir`, `foto`, `created_at`, `updated_at`) VALUES (:nama:, :nim:, :password:, :is_admin:, :jenis_kelamin:, :semester:, :alamat:, :no_hp:, :tgl_lahir:, :tempat_lahir:, :foto:, :created_at:, :updated_at:)', [...], false)
 2 SYSTEMPATH\Model.php(319): CodeIgniter\Database\BaseBuilder->insert()
 3 SYSTEMPATH\BaseModel.php(788): CodeIgniter\Model->doInsert([...])
 4 SYSTEMPATH\Model.php(715): CodeIgniter\BaseModel->insert([...], true)
 5 APPPATH\Controllers\Auth.php(139): CodeIgniter\Model->insert([...])
 6 SYSTEMPATH\CodeIgniter.php(942): App\Controllers\Auth->add()
 7 SYSTEMPATH\CodeIgniter.php(502): CodeIgniter\CodeIgniter->runController(Object(App\Controllers\Auth))
 8 SYSTEMPATH\CodeIgniter.php(361): CodeIgniter\CodeIgniter->handleRequest(null, Object(Config\Cache), false)
 9 FCPATH\index.php(79): CodeIgniter\CodeIgniter->run()
10 SYSTEMPATH\Commands\Server\rewrite.php(47): require_once('C:\\laragon\\www\\Sistem-pembayaran\\public\\index.php')
ERROR - 2024-07-14 04:37:16 --> mysqli_sql_exception: Unknown column 'updated_at' in 'field list' in C:\laragon\www\Sistem-pembayaran\system\Database\MySQLi\Connection.php:306
Stack trace:
#0 C:\laragon\www\Sistem-pembayaran\system\Database\MySQLi\Connection.php(306): mysqli->query('INSERT INTO `us...', 0)
#1 C:\laragon\www\Sistem-pembayaran\system\Database\BaseConnection.php(693): CodeIgniter\Database\MySQLi\Connection->execute('INSERT INTO `us...')
#2 C:\laragon\www\Sistem-pembayaran\system\Database\BaseConnection.php(607): CodeIgniter\Database\BaseConnection->simpleQuery('INSERT INTO `us...')
#3 C:\laragon\www\Sistem-pembayaran\system\Database\BaseBuilder.php(2308): CodeIgniter\Database\BaseConnection->query('INSERT INTO `us...', Array, false)
#4 C:\laragon\www\Sistem-pembayaran\system\Model.php(319): CodeIgniter\Database\BaseBuilder->insert()
#5 C:\laragon\www\Sistem-pembayaran\system\BaseModel.php(788): CodeIgniter\Model->doInsert(Array)
#6 C:\laragon\www\Sistem-pembayaran\system\Model.php(715): CodeIgniter\BaseModel->insert(Array, true)
#7 C:\laragon\www\Sistem-pembayaran\app\Controllers\Auth.php(139): CodeIgniter\Model->insert(Array)
#8 C:\laragon\www\Sistem-pembayaran\system\CodeIgniter.php(942): App\Controllers\Auth->add()
#9 C:\laragon\www\Sistem-pembayaran\system\CodeIgniter.php(502): CodeIgniter\CodeIgniter->runController(Object(App\Controllers\Auth))
#10 C:\laragon\www\Sistem-pembayaran\system\CodeIgniter.php(361): CodeIgniter\CodeIgniter->handleRequest(NULL, Object(Config\Cache), false)
#11 C:\laragon\www\Sistem-pembayaran\public\index.php(79): CodeIgniter\CodeIgniter->run()
#12 C:\laragon\www\Sistem-pembayaran\system\Commands\Server\rewrite.php(47): require_once('C:\\laragon\\www\\...')
#13 {main}
CRITICAL - 2024-07-14 04:37:16 --> Unknown column 'updated_at' in 'field list'
in SYSTEMPATH\Database\BaseConnection.php on line 647.
 1 SYSTEMPATH\Database\BaseBuilder.php(2308): CodeIgniter\Database\BaseConnection->query('INSERT INTO `users` (`nama`, `nim`, `password`, `is_admin`, `jenis_kelamin`, `semester`, `alamat`, `no_hp`, `tgl_lahir`, `tempat_lahir`, `foto`, `created_at`, `updated_at`) VALUES (:nama:, :nim:, :password:, :is_admin:, :jenis_kelamin:, :semester:, :alamat:, :no_hp:, :tgl_lahir:, :tempat_lahir:, :foto:, :created_at:, :updated_at:)', [...], false)
 2 SYSTEMPATH\Model.php(319): CodeIgniter\Database\BaseBuilder->insert()
 3 SYSTEMPATH\BaseModel.php(788): CodeIgniter\Model->doInsert([...])
 4 SYSTEMPATH\Model.php(715): CodeIgniter\BaseModel->insert([...], true)
 5 APPPATH\Controllers\Auth.php(139): CodeIgniter\Model->insert([...])
 6 SYSTEMPATH\CodeIgniter.php(942): App\Controllers\Auth->add()
 7 SYSTEMPATH\CodeIgniter.php(502): CodeIgniter\CodeIgniter->runController(Object(App\Controllers\Auth))
 8 SYSTEMPATH\CodeIgniter.php(361): CodeIgniter\CodeIgniter->handleRequest(null, Object(Config\Cache), false)
 9 FCPATH\index.php(79): CodeIgniter\CodeIgniter->run()
10 SYSTEMPATH\Commands\Server\rewrite.php(47): require_once('C:\\laragon\\www\\Sistem-pembayaran\\public\\index.php')
ERROR - 2024-07-14 04:37:19 --> mysqli_sql_exception: Unknown column 'updated_at' in 'field list' in C:\laragon\www\Sistem-pembayaran\system\Database\MySQLi\Connection.php:306
Stack trace:
#0 C:\laragon\www\Sistem-pembayaran\system\Database\MySQLi\Connection.php(306): mysqli->query('INSERT INTO `us...', 0)
#1 C:\laragon\www\Sistem-pembayaran\system\Database\BaseConnection.php(693): CodeIgniter\Database\MySQLi\Connection->execute('INSERT INTO `us...')
#2 C:\laragon\www\Sistem-pembayaran\system\Database\BaseConnection.php(607): CodeIgniter\Database\BaseConnection->simpleQuery('INSERT INTO `us...')
#3 C:\laragon\www\Sistem-pembayaran\system\Database\BaseBuilder.php(2308): CodeIgniter\Database\BaseConnection->query('INSERT INTO `us...', Array, false)
#4 C:\laragon\www\Sistem-pembayaran\system\Model.php(319): CodeIgniter\Database\BaseBuilder->insert()
#5 C:\laragon\www\Sistem-pembayaran\system\BaseModel.php(788): CodeIgniter\Model->doInsert(Array)
#6 C:\laragon\www\Sistem-pembayaran\system\Model.php(715): CodeIgniter\BaseModel->insert(Array, true)
#7 C:\laragon\www\Sistem-pembayaran\app\Controllers\Auth.php(139): CodeIgniter\Model->insert(Array)
#8 C:\laragon\www\Sistem-pembayaran\system\CodeIgniter.php(942): App\Controllers\Auth->add()
#9 C:\laragon\www\Sistem-pembayaran\system\CodeIgniter.php(502): CodeIgniter\CodeIgniter->runController(Object(App\Controllers\Auth))
#10 C:\laragon\www\Sistem-pembayaran\system\CodeIgniter.php(361): CodeIgniter\CodeIgniter->handleRequest(NULL, Object(Config\Cache), false)
#11 C:\laragon\www\Sistem-pembayaran\public\index.php(79): CodeIgniter\CodeIgniter->run()
#12 C:\laragon\www\Sistem-pembayaran\system\Commands\Server\rewrite.php(47): require_once('C:\\laragon\\www\\...')
#13 {main}
CRITICAL - 2024-07-14 04:37:19 --> Unknown column 'updated_at' in 'field list'
in SYSTEMPATH\Database\BaseConnection.php on line 647.
 1 SYSTEMPATH\Database\BaseBuilder.php(2308): CodeIgniter\Database\BaseConnection->query('INSERT INTO `users` (`nama`, `nim`, `password`, `is_admin`, `jenis_kelamin`, `semester`, `alamat`, `no_hp`, `tgl_lahir`, `tempat_lahir`, `foto`, `created_at`, `updated_at`) VALUES (:nama:, :nim:, :password:, :is_admin:, :jenis_kelamin:, :semester:, :alamat:, :no_hp:, :tgl_lahir:, :tempat_lahir:, :foto:, :created_at:, :updated_at:)', [...], false)
 2 SYSTEMPATH\Model.php(319): CodeIgniter\Database\BaseBuilder->insert()
 3 SYSTEMPATH\BaseModel.php(788): CodeIgniter\Model->doInsert([...])
 4 SYSTEMPATH\Model.php(715): CodeIgniter\BaseModel->insert([...], true)
 5 APPPATH\Controllers\Auth.php(139): CodeIgniter\Model->insert([...])
 6 SYSTEMPATH\CodeIgniter.php(942): App\Controllers\Auth->add()
 7 SYSTEMPATH\CodeIgniter.php(502): CodeIgniter\CodeIgniter->runController(Object(App\Controllers\Auth))
 8 SYSTEMPATH\CodeIgniter.php(361): CodeIgniter\CodeIgniter->handleRequest(null, Object(Config\Cache), false)
 9 FCPATH\index.php(79): CodeIgniter\CodeIgniter->run()
10 SYSTEMPATH\Commands\Server\rewrite.php(47): require_once('C:\\laragon\\www\\Sistem-pembayaran\\public\\index.php')
INFO - 2024-07-14 04:38:15 --> Session: Class initialized using 'CodeIgniter\Session\Handlers\FileHandler' driver.
INFO - 2024-07-14 04:38:15 --> Session: Class initialized using 'CodeIgniter\Session\Handlers\FileHandler' driver.
INFO - 2024-07-14 04:38:53 --> Session: Class initialized using 'CodeIgniter\Session\Handlers\FileHandler' driver.
INFO - 2024-07-14 04:39:01 --> Session: Class initialized using 'CodeIgniter\Session\Handlers\FileHandler' driver.
INFO - 2024-07-14 04:39:15 --> Session: Class initialized using 'CodeIgniter\Session\Handlers\FileHandler' driver.
CRITICAL - 2024-07-14 04:45:53 --> Undefined variable $route
in APPPATH\Config\Routes.php on line 26.
 1 APPPATH\Config\Routes.php(26): CodeIgniter\Debug\Exceptions->errorHandler(2, 'Undefined variable $route', 'C:\\laragon\\www\\Sistem-pembayaran\\app\\Config\\Routes.php', 26)
 2 SYSTEMPATH\Router\RouteCollection.php(344): require('C:\\laragon\\www\\Sistem-pembayaran\\app\\Config\\Routes.php')
 3 SYSTEMPATH\CodeIgniter.php(810): CodeIgniter\Router\RouteCollection->loadRoutes()
 4 SYSTEMPATH\CodeIgniter.php(450): CodeIgniter\CodeIgniter->tryToRouteIt(null)
 5 SYSTEMPATH\CodeIgniter.php(361): CodeIgniter\CodeIgniter->handleRequest(null, Object(Config\Cache), false)
 6 FCPATH\index.php(79): CodeIgniter\CodeIgniter->run()
 7 SYSTEMPATH\Commands\Server\rewrite.php(47): require_once('C:\\laragon\\www\\Sistem-pembayaran\\public\\index.php')
INFO - 2024-07-14 04:46:24 --> Session: Class initialized using 'CodeIgniter\Session\Handlers\FileHandler' driver.
INFO - 2024-07-14 04:46:33 --> Session: Class initialized using 'CodeIgniter\Session\Handlers\FileHandler' driver.
INFO - 2024-07-14 04:46:37 --> Session: Class initialized using 'CodeIgniter\Session\Handlers\FileHandler' driver.
INFO - 2024-07-14 04:55:34 --> Session: Class initialized using 'CodeIgniter\Session\Handlers\FileHandler' driver.
INFO - 2024-07-14 04:56:00 --> Session: Class initialized using 'CodeIgniter\Session\Handlers\FileHandler' driver.
INFO - 2024-07-14 04:56:39 --> Session: Class initialized using 'CodeIgniter\Session\Handlers\FileHandler' driver.
INFO - 2024-07-14 04:56:47 --> Session: Class initialized using 'CodeIgniter\Session\Handlers\FileHandler' driver.
INFO - 2024-07-14 04:57:57 --> Session: Class initialized using 'CodeIgniter\Session\Handlers\FileHandler' driver.
INFO - 2024-07-14 04:58:21 --> Session: Class initialized using 'CodeIgniter\Session\Handlers\FileHandler' driver.
INFO - 2024-07-14 04:58:23 --> Session: Class initialized using 'CodeIgniter\Session\Handlers\FileHandler' driver.
CRITICAL - 2024-07-14 04:58:25 --> Too few arguments to function App\Controllers\Payment_controller::addPayment(), 0 passed in C:\laragon\www\Sistem-pembayaran\system\CodeIgniter.php on line 942 and exactly 1 expected
in APPPATH\Controllers\Payment_controller.php on line 34.
 1 SYSTEMPATH\CodeIgniter.php(942): App\Controllers\Payment_controller->addPayment()
 2 SYSTEMPATH\CodeIgniter.php(502): CodeIgniter\CodeIgniter->runController(Object(App\Controllers\Payment_controller))
 3 SYSTEMPATH\CodeIgniter.php(361): CodeIgniter\CodeIgniter->handleRequest(null, Object(Config\Cache), false)
 4 FCPATH\index.php(79): CodeIgniter\CodeIgniter->run()
 5 SYSTEMPATH\Commands\Server\rewrite.php(47): require_once('C:\\laragon\\www\\Sistem-pembayaran\\public\\index.php')
INFO - 2024-07-14 05:00:16 --> Session: Class initialized using 'CodeIgniter\Session\Handlers\FileHandler' driver.
CRITICAL - 2024-07-14 05:00:19 --> Too few arguments to function App\Controllers\Payment_controller::addPayment(), 0 passed in C:\laragon\www\Sistem-pembayaran\system\CodeIgniter.php on line 942 and exactly 1 expected
in APPPATH\Controllers\Payment_controller.php on line 34.
 1 SYSTEMPATH\CodeIgniter.php(942): App\Controllers\Payment_controller->addPayment()
 2 SYSTEMPATH\CodeIgniter.php(502): CodeIgniter\CodeIgniter->runController(Object(App\Controllers\Payment_controller))
 3 SYSTEMPATH\CodeIgniter.php(361): CodeIgniter\CodeIgniter->handleRequest(null, Object(Config\Cache), false)
 4 FCPATH\index.php(79): CodeIgniter\CodeIgniter->run()
 5 SYSTEMPATH\Commands\Server\rewrite.php(47): require_once('C:\\laragon\\www\\Sistem-pembayaran\\public\\index.php')
INFO - 2024-07-14 05:01:01 --> Session: Class initialized using 'CodeIgniter\Session\Handlers\FileHandler' driver.
INFO - 2024-07-14 05:04:48 --> Session: Class initialized using 'CodeIgniter\Session\Handlers\FileHandler' driver.
CRITICAL - 2024-07-14 05:04:51 --> Too few arguments to function App\Controllers\Payment_controller::addPayment(), 0 passed in C:\laragon\www\Sistem-pembayaran\system\CodeIgniter.php on line 942 and exactly 1 expected
in APPPATH\Controllers\Payment_controller.php on line 34.
 1 SYSTEMPATH\CodeIgniter.php(942): App\Controllers\Payment_controller->addPayment()
 2 SYSTEMPATH\CodeIgniter.php(502): CodeIgniter\CodeIgniter->runController(Object(App\Controllers\Payment_controller))
 3 SYSTEMPATH\CodeIgniter.php(361): CodeIgniter\CodeIgniter->handleRequest(null, Object(Config\Cache), false)
 4 FCPATH\index.php(79): CodeIgniter\CodeIgniter->run()
 5 SYSTEMPATH\Commands\Server\rewrite.php(47): require_once('C:\\laragon\\www\\Sistem-pembayaran\\public\\index.php')
INFO - 2024-07-14 05:05:28 --> Session: Class initialized using 'CodeIgniter\Session\Handlers\FileHandler' driver.
CRITICAL - 2024-07-14 05:05:30 --> Undefined variable $invoice
in APPPATH\Views\Pembayaran\Tambah_pembayaran.php on line 7.
 1 APPPATH\Views\Pembayaran\Tambah_pembayaran.php(7): CodeIgniter\Debug\Exceptions->errorHandler(2, 'Undefined variable $invoice', 'C:\\laragon\\www\\Sistem-pembayaran\\app\\Views\\Pembayaran\\Tambah_pembayaran.php', 7)
 2 SYSTEMPATH\View\View.php(228): include('C:\\laragon\\www\\Sistem-pembayaran\\app\\Views\\Pembayaran\\Tambah_pembayaran.php')
 3 SYSTEMPATH\View\View.php(231): CodeIgniter\View\View->CodeIgniter\View\{closure}()
 4 SYSTEMPATH\Common.php(1190): CodeIgniter\View\View->render('Pembayaran/Tambah_pembayaran', [], true)
 5 APPPATH\Controllers\Payment_controller.php(70): view('Pembayaran/Tambah_pembayaran')
 6 SYSTEMPATH\CodeIgniter.php(942): App\Controllers\Payment_controller->addInvoice()
 7 SYSTEMPATH\CodeIgniter.php(502): CodeIgniter\CodeIgniter->runController(Object(App\Controllers\Payment_controller))
 8 SYSTEMPATH\CodeIgniter.php(361): CodeIgniter\CodeIgniter->handleRequest(null, Object(Config\Cache), false)
 9 FCPATH\index.php(79): CodeIgniter\CodeIgniter->run()
10 SYSTEMPATH\Commands\Server\rewrite.php(47): require_once('C:\\laragon\\www\\Sistem-pembayaran\\public\\index.php')
CRITICAL - 2024-07-14 05:06:21 --> Undefined variable $invoice
in APPPATH\Views\Pembayaran\Tambah_pembayaran.php on line 7.
 1 APPPATH\Views\Pembayaran\Tambah_pembayaran.php(7): CodeIgniter\Debug\Exceptions->errorHandler(2, 'Undefined variable $invoice', 'C:\\laragon\\www\\Sistem-pembayaran\\app\\Views\\Pembayaran\\Tambah_pembayaran.php', 7)
 2 SYSTEMPATH\View\View.php(228): include('C:\\laragon\\www\\Sistem-pembayaran\\app\\Views\\Pembayaran\\Tambah_pembayaran.php')
 3 SYSTEMPATH\View\View.php(231): CodeIgniter\View\View->CodeIgniter\View\{closure}()
 4 SYSTEMPATH\Common.php(1190): CodeIgniter\View\View->render('Pembayaran/Tambah_pembayaran', [], true)
 5 APPPATH\Controllers\Payment_controller.php(70): view('Pembayaran/Tambah_pembayaran')
 6 SYSTEMPATH\CodeIgniter.php(942): App\Controllers\Payment_controller->addInvoice()
 7 SYSTEMPATH\CodeIgniter.php(502): CodeIgniter\CodeIgniter->runController(Object(App\Controllers\Payment_controller))
 8 SYSTEMPATH\CodeIgniter.php(361): CodeIgniter\CodeIgniter->handleRequest(null, Object(Config\Cache), false)
 9 FCPATH\index.php(79): CodeIgniter\CodeIgniter->run()
10 SYSTEMPATH\Commands\Server\rewrite.php(47): require_once('C:\\laragon\\www\\Sistem-pembayaran\\public\\index.php')
CRITICAL - 2024-07-14 05:06:43 --> Undefined variable $invoice
in APPPATH\Views\Pembayaran\Tambah_pembayaran.php on line 7.
 1 APPPATH\Views\Pembayaran\Tambah_pembayaran.php(7): CodeIgniter\Debug\Exceptions->errorHandler(2, 'Undefined variable $invoice', 'C:\\laragon\\www\\Sistem-pembayaran\\app\\Views\\Pembayaran\\Tambah_pembayaran.php', 7)
 2 SYSTEMPATH\View\View.php(228): include('C:\\laragon\\www\\Sistem-pembayaran\\app\\Views\\Pembayaran\\Tambah_pembayaran.php')
 3 SYSTEMPATH\View\View.php(231): CodeIgniter\View\View->CodeIgniter\View\{closure}()
 4 SYSTEMPATH\Common.php(1190): CodeIgniter\View\View->render('Pembayaran/Tambah_pembayaran', [], true)
 5 APPPATH\Controllers\Payment_controller.php(70): view('Pembayaran/Tambah_pembayaran')
 6 SYSTEMPATH\CodeIgniter.php(942): App\Controllers\Payment_controller->addInvoice()
 7 SYSTEMPATH\CodeIgniter.php(502): CodeIgniter\CodeIgniter->runController(Object(App\Controllers\Payment_controller))
 8 SYSTEMPATH\CodeIgniter.php(361): CodeIgniter\CodeIgniter->handleRequest(null, Object(Config\Cache), false)
 9 FCPATH\index.php(79): CodeIgniter\CodeIgniter->run()
10 SYSTEMPATH\Commands\Server\rewrite.php(47): require_once('C:\\laragon\\www\\Sistem-pembayaran\\public\\index.php')
CRITICAL - 2024-07-14 05:06:44 --> Undefined variable $invoice
in APPPATH\Views\Pembayaran\Tambah_pembayaran.php on line 7.
 1 APPPATH\Views\Pembayaran\Tambah_pembayaran.php(7): CodeIgniter\Debug\Exceptions->errorHandler(2, 'Undefined variable $invoice', 'C:\\laragon\\www\\Sistem-pembayaran\\app\\Views\\Pembayaran\\Tambah_pembayaran.php', 7)
 2 SYSTEMPATH\View\View.php(228): include('C:\\laragon\\www\\Sistem-pembayaran\\app\\Views\\Pembayaran\\Tambah_pembayaran.php')
 3 SYSTEMPATH\View\View.php(231): CodeIgniter\View\View->CodeIgniter\View\{closure}()
 4 SYSTEMPATH\Common.php(1190): CodeIgniter\View\View->render('Pembayaran/Tambah_pembayaran', [], true)
 5 APPPATH\Controllers\Payment_controller.php(70): view('Pembayaran/Tambah_pembayaran')
 6 SYSTEMPATH\CodeIgniter.php(942): App\Controllers\Payment_controller->addInvoice()
 7 SYSTEMPATH\CodeIgniter.php(502): CodeIgniter\CodeIgniter->runController(Object(App\Controllers\Payment_controller))
 8 SYSTEMPATH\CodeIgniter.php(361): CodeIgniter\CodeIgniter->handleRequest(null, Object(Config\Cache), false)
 9 FCPATH\index.php(79): CodeIgniter\CodeIgniter->run()
10 SYSTEMPATH\Commands\Server\rewrite.php(47): require_once('C:\\laragon\\www\\Sistem-pembayaran\\public\\index.php')
CRITICAL - 2024-07-14 05:06:57 --> Undefined variable $invoice
in APPPATH\Views\Pembayaran\Tambah_pembayaran.php on line 8.
 1 APPPATH\Views\Pembayaran\Tambah_pembayaran.php(8): CodeIgniter\Debug\Exceptions->errorHandler(2, 'Undefined variable $invoice', 'C:\\laragon\\www\\Sistem-pembayaran\\app\\Views\\Pembayaran\\Tambah_pembayaran.php', 8)
 2 SYSTEMPATH\View\View.php(228): include('C:\\laragon\\www\\Sistem-pembayaran\\app\\Views\\Pembayaran\\Tambah_pembayaran.php')
 3 SYSTEMPATH\View\View.php(231): CodeIgniter\View\View->CodeIgniter\View\{closure}()
 4 SYSTEMPATH\Common.php(1190): CodeIgniter\View\View->render('Pembayaran/Tambah_pembayaran', [], true)
 5 APPPATH\Controllers\Payment_controller.php(70): view('Pembayaran/Tambah_pembayaran')
 6 SYSTEMPATH\CodeIgniter.php(942): App\Controllers\Payment_controller->addInvoice()
 7 SYSTEMPATH\CodeIgniter.php(502): CodeIgniter\CodeIgniter->runController(Object(App\Controllers\Payment_controller))
 8 SYSTEMPATH\CodeIgniter.php(361): CodeIgniter\CodeIgniter->handleRequest(null, Object(Config\Cache), false)
 9 FCPATH\index.php(79): CodeIgniter\CodeIgniter->run()
10 SYSTEMPATH\Commands\Server\rewrite.php(47): require_once('C:\\laragon\\www\\Sistem-pembayaran\\public\\index.php')
CRITICAL - 2024-07-14 05:06:58 --> Undefined variable $invoice
in APPPATH\Views\Pembayaran\Tambah_pembayaran.php on line 8.
 1 APPPATH\Views\Pembayaran\Tambah_pembayaran.php(8): CodeIgniter\Debug\Exceptions->errorHandler(2, 'Undefined variable $invoice', 'C:\\laragon\\www\\Sistem-pembayaran\\app\\Views\\Pembayaran\\Tambah_pembayaran.php', 8)
 2 SYSTEMPATH\View\View.php(228): include('C:\\laragon\\www\\Sistem-pembayaran\\app\\Views\\Pembayaran\\Tambah_pembayaran.php')
 3 SYSTEMPATH\View\View.php(231): CodeIgniter\View\View->CodeIgniter\View\{closure}()
 4 SYSTEMPATH\Common.php(1190): CodeIgniter\View\View->render('Pembayaran/Tambah_pembayaran', [], true)
 5 APPPATH\Controllers\Payment_controller.php(70): view('Pembayaran/Tambah_pembayaran')
 6 SYSTEMPATH\CodeIgniter.php(942): App\Controllers\Payment_controller->addInvoice()
 7 SYSTEMPATH\CodeIgniter.php(502): CodeIgniter\CodeIgniter->runController(Object(App\Controllers\Payment_controller))
 8 SYSTEMPATH\CodeIgniter.php(361): CodeIgniter\CodeIgniter->handleRequest(null, Object(Config\Cache), false)
 9 FCPATH\index.php(79): CodeIgniter\CodeIgniter->run()
10 SYSTEMPATH\Commands\Server\rewrite.php(47): require_once('C:\\laragon\\www\\Sistem-pembayaran\\public\\index.php')
CRITICAL - 2024-07-14 05:07:07 --> Undefined variable $invoice
in APPPATH\Views\Pembayaran\Tambah_pembayaran.php on line 12.
 1 APPPATH\Views\Pembayaran\Tambah_pembayaran.php(12): CodeIgniter\Debug\Exceptions->errorHandler(2, 'Undefined variable $invoice', 'C:\\laragon\\www\\Sistem-pembayaran\\app\\Views\\Pembayaran\\Tambah_pembayaran.php', 12)
 2 SYSTEMPATH\View\View.php(228): include('C:\\laragon\\www\\Sistem-pembayaran\\app\\Views\\Pembayaran\\Tambah_pembayaran.php')
 3 SYSTEMPATH\View\View.php(231): CodeIgniter\View\View->CodeIgniter\View\{closure}()
 4 SYSTEMPATH\Common.php(1190): CodeIgniter\View\View->render('Pembayaran/Tambah_pembayaran', [], true)
 5 APPPATH\Controllers\Payment_controller.php(70): view('Pembayaran/Tambah_pembayaran')
 6 SYSTEMPATH\CodeIgniter.php(942): App\Controllers\Payment_controller->addInvoice()
 7 SYSTEMPATH\CodeIgniter.php(502): CodeIgniter\CodeIgniter->runController(Object(App\Controllers\Payment_controller))
 8 SYSTEMPATH\CodeIgniter.php(361): CodeIgniter\CodeIgniter->handleRequest(null, Object(Config\Cache), false)
 9 FCPATH\index.php(79): CodeIgniter\CodeIgniter->run()
10 SYSTEMPATH\Commands\Server\rewrite.php(47): require_once('C:\\laragon\\www\\Sistem-pembayaran\\public\\index.php')
