INFO - 2024-07-15 14:05:29 --> Session: Class initialized using 'CodeIgniter\Session\Handlers\FileHandler' driver.
INFO - 2024-07-15 14:16:28 --> Session: Class initialized using 'CodeIgniter\Session\Handlers\FileHandler' driver.
INFO - 2024-07-15 14:16:28 --> Session: Class initialized using 'CodeIgniter\Session\Handlers\FileHandler' driver.
INFO - 2024-07-15 14:16:38 --> Session: Class initialized using 'CodeIgniter\Session\Handlers\FileHandler' driver.
INFO - 2024-07-15 14:17:25 --> Session: Class initialized using 'CodeIgniter\Session\Handlers\FileHandler' driver.
INFO - 2024-07-15 14:18:11 --> Session: Class initialized using 'CodeIgniter\Session\Handlers\FileHandler' driver.
CRITICAL - 2024-07-15 14:18:13 --> Invalid file: "Pembayaran/TambahPembayaran.php"
in SYSTEMPATH\Exceptions\FrameworkException.php on line 39.
 1 SYSTEMPATH\View\View.php(216): CodeIgniter\Exceptions\FrameworkException::forInvalidFile('Pembayaran/TambahPembayaran.php')
 2 SYSTEMPATH\Common.php(1190): CodeIgniter\View\View->render('Pembayaran/TambahPembayaran', [], true)
 3 APPPATH\Controllers\Payment_controller.php(76): view('Pembayaran/TambahPembayaran', [...])
 4 SYSTEMPATH\CodeIgniter.php(942): App\Controllers\Payment_controller->selectUser()
 5 SYSTEMPATH\CodeIgniter.php(502): CodeIgniter\CodeIgniter->runController(Object(App\Controllers\Payment_controller))
 6 SYSTEMPATH\CodeIgniter.php(361): CodeIgniter\CodeIgniter->handleRequest(null, Object(Config\Cache), false)
 7 FCPATH\index.php(79): CodeIgniter\CodeIgniter->run()
 8 SYSTEMPATH\Commands\Server\rewrite.php(47): require_once('C:\\laragon\\www\\Sistem-pembayaran\\public\\index.php')
CRITICAL - 2024-07-15 14:21:44 --> Invalid file: "Pembayaran/TambahPembayaran.php"
in SYSTEMPATH\Exceptions\FrameworkException.php on line 39.
 1 SYSTEMPATH\View\View.php(216): CodeIgniter\Exceptions\FrameworkException::forInvalidFile('Pembayaran/TambahPembayaran.php')
 2 SYSTEMPATH\Common.php(1190): CodeIgniter\View\View->render('Pembayaran/TambahPembayaran', [], true)
 3 APPPATH\Controllers\Payment_controller.php(76): view('Pembayaran/TambahPembayaran', [...])
 4 SYSTEMPATH\CodeIgniter.php(942): App\Controllers\Payment_controller->selectUser()
 5 SYSTEMPATH\CodeIgniter.php(502): CodeIgniter\CodeIgniter->runController(Object(App\Controllers\Payment_controller))
 6 SYSTEMPATH\CodeIgniter.php(361): CodeIgniter\CodeIgniter->handleRequest(null, Object(Config\Cache), false)
 7 FCPATH\index.php(79): CodeIgniter\CodeIgniter->run()
 8 SYSTEMPATH\Commands\Server\rewrite.php(47): require_once('C:\\laragon\\www\\Sistem-pembayaran\\public\\index.php')
CRITICAL - 2024-07-15 14:22:10 --> Invalid file: "Pembayaran/TambahPembayaran.php"
in SYSTEMPATH\Exceptions\FrameworkException.php on line 39.
 1 SYSTEMPATH\View\View.php(216): CodeIgniter\Exceptions\FrameworkException::forInvalidFile('Pembayaran/TambahPembayaran.php')
 2 SYSTEMPATH\Common.php(1190): CodeIgniter\View\View->render('Pembayaran/TambahPembayaran', [], true)
 3 APPPATH\Controllers\Payment_controller.php(76): view('Pembayaran/TambahPembayaran', [...])
 4 SYSTEMPATH\CodeIgniter.php(942): App\Controllers\Payment_controller->selectUser()
 5 SYSTEMPATH\CodeIgniter.php(502): CodeIgniter\CodeIgniter->runController(Object(App\Controllers\Payment_controller))
 6 SYSTEMPATH\CodeIgniter.php(361): CodeIgniter\CodeIgniter->handleRequest(null, Object(Config\Cache), false)
 7 FCPATH\index.php(79): CodeIgniter\CodeIgniter->run()
 8 SYSTEMPATH\Commands\Server\rewrite.php(47): require_once('C:\\laragon\\www\\Sistem-pembayaran\\public\\index.php')
INFO - 2024-07-15 14:22:12 --> Session: Class initialized using 'CodeIgniter\Session\Handlers\FileHandler' driver.
INFO - 2024-07-15 14:22:13 --> Session: Class initialized using 'CodeIgniter\Session\Handlers\FileHandler' driver.
CRITICAL - 2024-07-15 14:22:15 --> Invalid file: "Pembayaran/TambahPembayaran.php"
in SYSTEMPATH\Exceptions\FrameworkException.php on line 39.
 1 SYSTEMPATH\View\View.php(216): CodeIgniter\Exceptions\FrameworkException::forInvalidFile('Pembayaran/TambahPembayaran.php')
 2 SYSTEMPATH\Common.php(1190): CodeIgniter\View\View->render('Pembayaran/TambahPembayaran', [], true)
 3 APPPATH\Controllers\Payment_controller.php(76): view('Pembayaran/TambahPembayaran', [...])
 4 SYSTEMPATH\CodeIgniter.php(942): App\Controllers\Payment_controller->selectUser()
 5 SYSTEMPATH\CodeIgniter.php(502): CodeIgniter\CodeIgniter->runController(Object(App\Controllers\Payment_controller))
 6 SYSTEMPATH\CodeIgniter.php(361): CodeIgniter\CodeIgniter->handleRequest(null, Object(Config\Cache), false)
 7 FCPATH\index.php(79): CodeIgniter\CodeIgniter->run()
 8 SYSTEMPATH\Commands\Server\rewrite.php(47): require_once('C:\\laragon\\www\\Sistem-pembayaran\\public\\index.php')
CRITICAL - 2024-07-15 14:22:43 --> Invalid file: "Pembayaran/TambahPembayaran.php"
in SYSTEMPATH\Exceptions\FrameworkException.php on line 39.
 1 SYSTEMPATH\View\View.php(216): CodeIgniter\Exceptions\FrameworkException::forInvalidFile('Pembayaran/TambahPembayaran.php')
 2 SYSTEMPATH\Common.php(1190): CodeIgniter\View\View->render('Pembayaran/TambahPembayaran', [], true)
 3 APPPATH\Controllers\Payment_controller.php(76): view('Pembayaran/TambahPembayaran', [...])
 4 SYSTEMPATH\CodeIgniter.php(942): App\Controllers\Payment_controller->selectUser()
 5 SYSTEMPATH\CodeIgniter.php(502): CodeIgniter\CodeIgniter->runController(Object(App\Controllers\Payment_controller))
 6 SYSTEMPATH\CodeIgniter.php(361): CodeIgniter\CodeIgniter->handleRequest(null, Object(Config\Cache), false)
 7 FCPATH\index.php(79): CodeIgniter\CodeIgniter->run()
 8 SYSTEMPATH\Commands\Server\rewrite.php(47): require_once('C:\\laragon\\www\\Sistem-pembayaran\\public\\index.php')
CRITICAL - 2024-07-15 14:22:44 --> Invalid file: "Pembayaran/TambahPembayaran.php"
in SYSTEMPATH\Exceptions\FrameworkException.php on line 39.
 1 SYSTEMPATH\View\View.php(216): CodeIgniter\Exceptions\FrameworkException::forInvalidFile('Pembayaran/TambahPembayaran.php')
 2 SYSTEMPATH\Common.php(1190): CodeIgniter\View\View->render('Pembayaran/TambahPembayaran', [], true)
 3 APPPATH\Controllers\Payment_controller.php(76): view('Pembayaran/TambahPembayaran', [...])
 4 SYSTEMPATH\CodeIgniter.php(942): App\Controllers\Payment_controller->selectUser()
 5 SYSTEMPATH\CodeIgniter.php(502): CodeIgniter\CodeIgniter->runController(Object(App\Controllers\Payment_controller))
 6 SYSTEMPATH\CodeIgniter.php(361): CodeIgniter\CodeIgniter->handleRequest(null, Object(Config\Cache), false)
 7 FCPATH\index.php(79): CodeIgniter\CodeIgniter->run()
 8 SYSTEMPATH\Commands\Server\rewrite.php(47): require_once('C:\\laragon\\www\\Sistem-pembayaran\\public\\index.php')
INFO - 2024-07-15 14:24:16 --> Session: Class initialized using 'CodeIgniter\Session\Handlers\FileHandler' driver.
INFO - 2024-07-15 14:42:14 --> Session: Class initialized using 'CodeIgniter\Session\Handlers\FileHandler' driver.
INFO - 2024-07-15 14:45:43 --> Session: Class initialized using 'CodeIgniter\Session\Handlers\FileHandler' driver.
INFO - 2024-07-15 14:48:13 --> Session: Class initialized using 'CodeIgniter\Session\Handlers\FileHandler' driver.
INFO - 2024-07-15 14:48:14 --> Session: Class initialized using 'CodeIgniter\Session\Handlers\FileHandler' driver.
INFO - 2024-07-15 14:48:21 --> Session: Class initialized using 'CodeIgniter\Session\Handlers\FileHandler' driver.
INFO - 2024-07-15 14:48:57 --> Session: Class initialized using 'CodeIgniter\Session\Handlers\FileHandler' driver.
INFO - 2024-07-15 14:49:06 --> Session: Class initialized using 'CodeIgniter\Session\Handlers\FileHandler' driver.
INFO - 2024-07-15 14:49:08 --> Session: Class initialized using 'CodeIgniter\Session\Handlers\FileHandler' driver.
