INFO - 2024-07-07 13:37:51 --> Session: Class initialized using 'CodeIgniter\Session\Handlers\FileHandler' driver.
INFO - 2024-07-07 13:38:00 --> Session: Class initialized using 'CodeIgniter\Session\Handlers\FileHandler' driver.
INFO - 2024-07-07 13:38:06 --> Session: Class initialized using 'CodeIgniter\Session\Handlers\FileHandler' driver.
INFO - 2024-07-07 13:38:07 --> Session: Class initialized using 'CodeIgniter\Session\Handlers\FileHandler' driver.
INFO - 2024-07-07 13:38:10 --> Session: Class initialized using 'CodeIgniter\Session\Handlers\FileHandler' driver.
INFO - 2024-07-07 14:08:46 --> Session: Class initialized using 'CodeIgniter\Session\Handlers\FileHandler' driver.
INFO - 2024-07-07 14:12:04 --> Session: Class initialized using 'CodeIgniter\Session\Handlers\FileHandler' driver.
INFO - 2024-07-07 14:12:42 --> Session: Class initialized using 'CodeIgniter\Session\Handlers\FileHandler' driver.
INFO - 2024-07-07 14:12:44 --> Session: Class initialized using 'CodeIgniter\Session\Handlers\FileHandler' driver.
INFO - 2024-07-07 14:13:28 --> Session: Class initialized using 'CodeIgniter\Session\Handlers\FileHandler' driver.
INFO - 2024-07-07 14:18:22 --> Session: Class initialized using 'CodeIgniter\Session\Handlers\FileHandler' driver.
INFO - 2024-07-07 14:18:23 --> Session: Class initialized using 'CodeIgniter\Session\Handlers\FileHandler' driver.
INFO - 2024-07-07 14:18:51 --> Session: Class initialized using 'CodeIgniter\Session\Handlers\FileHandler' driver.
INFO - 2024-07-07 14:19:16 --> Session: Class initialized using 'CodeIgniter\Session\Handlers\FileHandler' driver.
INFO - 2024-07-07 14:19:41 --> Session: Class initialized using 'CodeIgniter\Session\Handlers\FileHandler' driver.
INFO - 2024-07-07 14:20:18 --> Session: Class initialized using 'CodeIgniter\Session\Handlers\FileHandler' driver.
INFO - 2024-07-07 14:23:47 --> Session: Class initialized using 'CodeIgniter\Session\Handlers\FileHandler' driver.
INFO - 2024-07-07 14:24:29 --> Session: Class initialized using 'CodeIgniter\Session\Handlers\FileHandler' driver.
INFO - 2024-07-07 14:24:49 --> Session: Class initialized using 'CodeIgniter\Session\Handlers\FileHandler' driver.
INFO - 2024-07-07 14:32:26 --> Session: Class initialized using 'CodeIgniter\Session\Handlers\FileHandler' driver.
INFO - 2024-07-07 14:36:10 --> Session: Class initialized using 'CodeIgniter\Session\Handlers\FileHandler' driver.
INFO - 2024-07-07 14:37:23 --> Session: Class initialized using 'CodeIgniter\Session\Handlers\FileHandler' driver.
INFO - 2024-07-07 14:37:27 --> Session: Class initialized using 'CodeIgniter\Session\Handlers\FileHandler' driver.
INFO - 2024-07-07 14:37:32 --> Session: Class initialized using 'CodeIgniter\Session\Handlers\FileHandler' driver.
INFO - 2024-07-07 14:37:37 --> Session: Class initialized using 'CodeIgniter\Session\Handlers\FileHandler' driver.
INFO - 2024-07-07 14:41:43 --> Session: Class initialized using 'CodeIgniter\Session\Handlers\FileHandler' driver.
INFO - 2024-07-07 14:41:47 --> Session: Class initialized using 'CodeIgniter\Session\Handlers\FileHandler' driver.
INFO - 2024-07-07 14:45:05 --> Session: Class initialized using 'CodeIgniter\Session\Handlers\FileHandler' driver.
INFO - 2024-07-07 14:45:21 --> Session: Class initialized using 'CodeIgniter\Session\Handlers\FileHandler' driver.
INFO - 2024-07-07 14:50:51 --> Session: Class initialized using 'CodeIgniter\Session\Handlers\FileHandler' driver.
CRITICAL - 2024-07-07 14:50:51 --> Undefined property: CodeIgniter\View\View::$uri
in APPPATH\Views\Layouts\sidebar_menu.php on line 52.
 1 APPPATH\Views\Layouts\sidebar_menu.php(52): CodeIgniter\Debug\Exceptions->errorHandler(2, 'Undefined property: CodeIgniter\\View\\View::$uri', 'C:\\laragon\\www\\Sistem-pembayaran\\app\\Views\\Layouts\\sidebar_menu.php', 52)
 2 SYSTEMPATH\View\View.php(228): include('C:\\laragon\\www\\Sistem-pembayaran\\app\\Views\\Layouts\\sidebar_menu.php')
 3 SYSTEMPATH\View\View.php(231): CodeIgniter\View\View->CodeIgniter\View\{closure}()
 4 SYSTEMPATH\View\View.php(469): CodeIgniter\View\View->render('Layouts/sidebar_menu', null, true)
 5 APPPATH\Views\Layouts\Layout.php(2): CodeIgniter\View\View->include('Layouts/sidebar_menu')
 6 SYSTEMPATH\View\View.php(228): include('C:\\laragon\\www\\Sistem-pembayaran\\app\\Views\\Layouts\\Layout.php')
 7 SYSTEMPATH\View\View.php(231): CodeIgniter\View\View->CodeIgniter\View\{closure}()
 8 SYSTEMPATH\View\View.php(244): CodeIgniter\View\View->render('Layouts/Layout', [], true)
 9 SYSTEMPATH\Common.php(1190): CodeIgniter\View\View->render('List_pembayaran', [], true)
10 APPPATH\Controllers\Pembayaran.php(23): view('List_pembayaran')
11 SYSTEMPATH\CodeIgniter.php(942): App\Controllers\Pembayaran->index()
12 SYSTEMPATH\CodeIgniter.php(502): CodeIgniter\CodeIgniter->runController(Object(App\Controllers\Pembayaran))
13 SYSTEMPATH\CodeIgniter.php(361): CodeIgniter\CodeIgniter->handleRequest(null, Object(Config\Cache), false)
14 FCPATH\index.php(79): CodeIgniter\CodeIgniter->run()
15 SYSTEMPATH\Commands\Server\rewrite.php(47): require_once('C:\\laragon\\www\\Sistem-pembayaran\\public\\index.php')
INFO - 2024-07-07 14:52:24 --> Session: Class initialized using 'CodeIgniter\Session\Handlers\FileHandler' driver.
CRITICAL - 2024-07-07 14:52:24 --> Undefined property: CodeIgniter\View\View::$uri
in APPPATH\Views\Layouts\sidebar_menu.php on line 55.
 1 APPPATH\Views\Layouts\sidebar_menu.php(55): CodeIgniter\Debug\Exceptions->errorHandler(2, 'Undefined property: CodeIgniter\\View\\View::$uri', 'C:\\laragon\\www\\Sistem-pembayaran\\app\\Views\\Layouts\\sidebar_menu.php', 55)
 2 SYSTEMPATH\View\View.php(228): include('C:\\laragon\\www\\Sistem-pembayaran\\app\\Views\\Layouts\\sidebar_menu.php')
 3 SYSTEMPATH\View\View.php(231): CodeIgniter\View\View->CodeIgniter\View\{closure}()
 4 SYSTEMPATH\View\View.php(469): CodeIgniter\View\View->render('Layouts/sidebar_menu', null, true)
 5 APPPATH\Views\Layouts\Layout.php(2): CodeIgniter\View\View->include('Layouts/sidebar_menu')
 6 SYSTEMPATH\View\View.php(228): include('C:\\laragon\\www\\Sistem-pembayaran\\app\\Views\\Layouts\\Layout.php')
 7 SYSTEMPATH\View\View.php(231): CodeIgniter\View\View->CodeIgniter\View\{closure}()
 8 SYSTEMPATH\View\View.php(244): CodeIgniter\View\View->render('Layouts/Layout', [], true)
 9 SYSTEMPATH\Common.php(1190): CodeIgniter\View\View->render('List_pembayaran', [], true)
10 APPPATH\Controllers\Pembayaran.php(23): view('List_pembayaran')
11 SYSTEMPATH\CodeIgniter.php(942): App\Controllers\Pembayaran->index()
12 SYSTEMPATH\CodeIgniter.php(502): CodeIgniter\CodeIgniter->runController(Object(App\Controllers\Pembayaran))
13 SYSTEMPATH\CodeIgniter.php(361): CodeIgniter\CodeIgniter->handleRequest(null, Object(Config\Cache), false)
14 FCPATH\index.php(79): CodeIgniter\CodeIgniter->run()
15 SYSTEMPATH\Commands\Server\rewrite.php(47): require_once('C:\\laragon\\www\\Sistem-pembayaran\\public\\index.php')
INFO - 2024-07-07 14:52:25 --> Session: Class initialized using 'CodeIgniter\Session\Handlers\FileHandler' driver.
CRITICAL - 2024-07-07 14:52:25 --> Undefined property: CodeIgniter\View\View::$uri
in APPPATH\Views\Layouts\sidebar_menu.php on line 55.
 1 APPPATH\Views\Layouts\sidebar_menu.php(55): CodeIgniter\Debug\Exceptions->errorHandler(2, 'Undefined property: CodeIgniter\\View\\View::$uri', 'C:\\laragon\\www\\Sistem-pembayaran\\app\\Views\\Layouts\\sidebar_menu.php', 55)
 2 SYSTEMPATH\View\View.php(228): include('C:\\laragon\\www\\Sistem-pembayaran\\app\\Views\\Layouts\\sidebar_menu.php')
 3 SYSTEMPATH\View\View.php(231): CodeIgniter\View\View->CodeIgniter\View\{closure}()
 4 SYSTEMPATH\View\View.php(469): CodeIgniter\View\View->render('Layouts/sidebar_menu', null, true)
 5 APPPATH\Views\Layouts\Layout.php(2): CodeIgniter\View\View->include('Layouts/sidebar_menu')
 6 SYSTEMPATH\View\View.php(228): include('C:\\laragon\\www\\Sistem-pembayaran\\app\\Views\\Layouts\\Layout.php')
 7 SYSTEMPATH\View\View.php(231): CodeIgniter\View\View->CodeIgniter\View\{closure}()
 8 SYSTEMPATH\View\View.php(244): CodeIgniter\View\View->render('Layouts/Layout', [], true)
 9 SYSTEMPATH\Common.php(1190): CodeIgniter\View\View->render('List_pembayaran', [], true)
10 APPPATH\Controllers\Pembayaran.php(23): view('List_pembayaran')
11 SYSTEMPATH\CodeIgniter.php(942): App\Controllers\Pembayaran->index()
12 SYSTEMPATH\CodeIgniter.php(502): CodeIgniter\CodeIgniter->runController(Object(App\Controllers\Pembayaran))
13 SYSTEMPATH\CodeIgniter.php(361): CodeIgniter\CodeIgniter->handleRequest(null, Object(Config\Cache), false)
14 FCPATH\index.php(79): CodeIgniter\CodeIgniter->run()
15 SYSTEMPATH\Commands\Server\rewrite.php(47): require_once('C:\\laragon\\www\\Sistem-pembayaran\\public\\index.php')
INFO - 2024-07-07 14:52:33 --> Session: Class initialized using 'CodeIgniter\Session\Handlers\FileHandler' driver.
CRITICAL - 2024-07-07 14:52:33 --> Undefined property: CodeIgniter\View\View::$uri
in APPPATH\Views\Layouts\sidebar_menu.php on line 71.
 1 APPPATH\Views\Layouts\sidebar_menu.php(71): CodeIgniter\Debug\Exceptions->errorHandler(2, 'Undefined property: CodeIgniter\\View\\View::$uri', 'C:\\laragon\\www\\Sistem-pembayaran\\app\\Views\\Layouts\\sidebar_menu.php', 71)
 2 SYSTEMPATH\View\View.php(228): include('C:\\laragon\\www\\Sistem-pembayaran\\app\\Views\\Layouts\\sidebar_menu.php')
 3 SYSTEMPATH\View\View.php(231): CodeIgniter\View\View->CodeIgniter\View\{closure}()
 4 SYSTEMPATH\View\View.php(469): CodeIgniter\View\View->render('Layouts/sidebar_menu', null, true)
 5 APPPATH\Views\Layouts\Layout.php(2): CodeIgniter\View\View->include('Layouts/sidebar_menu')
 6 SYSTEMPATH\View\View.php(228): include('C:\\laragon\\www\\Sistem-pembayaran\\app\\Views\\Layouts\\Layout.php')
 7 SYSTEMPATH\View\View.php(231): CodeIgniter\View\View->CodeIgniter\View\{closure}()
 8 SYSTEMPATH\View\View.php(244): CodeIgniter\View\View->render('Layouts/Layout', [], true)
 9 SYSTEMPATH\Common.php(1190): CodeIgniter\View\View->render('List_pembayaran', [], true)
10 APPPATH\Controllers\Pembayaran.php(23): view('List_pembayaran')
11 SYSTEMPATH\CodeIgniter.php(942): App\Controllers\Pembayaran->index()
12 SYSTEMPATH\CodeIgniter.php(502): CodeIgniter\CodeIgniter->runController(Object(App\Controllers\Pembayaran))
13 SYSTEMPATH\CodeIgniter.php(361): CodeIgniter\CodeIgniter->handleRequest(null, Object(Config\Cache), false)
14 FCPATH\index.php(79): CodeIgniter\CodeIgniter->run()
15 SYSTEMPATH\Commands\Server\rewrite.php(47): require_once('C:\\laragon\\www\\Sistem-pembayaran\\public\\index.php')
INFO - 2024-07-07 14:52:34 --> Session: Class initialized using 'CodeIgniter\Session\Handlers\FileHandler' driver.
CRITICAL - 2024-07-07 14:52:34 --> Undefined property: CodeIgniter\View\View::$uri
in APPPATH\Views\Layouts\sidebar_menu.php on line 71.
 1 APPPATH\Views\Layouts\sidebar_menu.php(71): CodeIgniter\Debug\Exceptions->errorHandler(2, 'Undefined property: CodeIgniter\\View\\View::$uri', 'C:\\laragon\\www\\Sistem-pembayaran\\app\\Views\\Layouts\\sidebar_menu.php', 71)
 2 SYSTEMPATH\View\View.php(228): include('C:\\laragon\\www\\Sistem-pembayaran\\app\\Views\\Layouts\\sidebar_menu.php')
 3 SYSTEMPATH\View\View.php(231): CodeIgniter\View\View->CodeIgniter\View\{closure}()
 4 SYSTEMPATH\View\View.php(469): CodeIgniter\View\View->render('Layouts/sidebar_menu', null, true)
 5 APPPATH\Views\Layouts\Layout.php(2): CodeIgniter\View\View->include('Layouts/sidebar_menu')
 6 SYSTEMPATH\View\View.php(228): include('C:\\laragon\\www\\Sistem-pembayaran\\app\\Views\\Layouts\\Layout.php')
 7 SYSTEMPATH\View\View.php(231): CodeIgniter\View\View->CodeIgniter\View\{closure}()
 8 SYSTEMPATH\View\View.php(244): CodeIgniter\View\View->render('Layouts/Layout', [], true)
 9 SYSTEMPATH\Common.php(1190): CodeIgniter\View\View->render('List_pembayaran', [], true)
10 APPPATH\Controllers\Pembayaran.php(23): view('List_pembayaran')
11 SYSTEMPATH\CodeIgniter.php(942): App\Controllers\Pembayaran->index()
12 SYSTEMPATH\CodeIgniter.php(502): CodeIgniter\CodeIgniter->runController(Object(App\Controllers\Pembayaran))
13 SYSTEMPATH\CodeIgniter.php(361): CodeIgniter\CodeIgniter->handleRequest(null, Object(Config\Cache), false)
14 FCPATH\index.php(79): CodeIgniter\CodeIgniter->run()
15 SYSTEMPATH\Commands\Server\rewrite.php(47): require_once('C:\\laragon\\www\\Sistem-pembayaran\\public\\index.php')
INFO - 2024-07-07 14:52:35 --> Session: Class initialized using 'CodeIgniter\Session\Handlers\FileHandler' driver.
CRITICAL - 2024-07-07 14:52:35 --> Undefined property: CodeIgniter\View\View::$uri
in APPPATH\Views\Layouts\sidebar_menu.php on line 71.
 1 APPPATH\Views\Layouts\sidebar_menu.php(71): CodeIgniter\Debug\Exceptions->errorHandler(2, 'Undefined property: CodeIgniter\\View\\View::$uri', 'C:\\laragon\\www\\Sistem-pembayaran\\app\\Views\\Layouts\\sidebar_menu.php', 71)
 2 SYSTEMPATH\View\View.php(228): include('C:\\laragon\\www\\Sistem-pembayaran\\app\\Views\\Layouts\\sidebar_menu.php')
 3 SYSTEMPATH\View\View.php(231): CodeIgniter\View\View->CodeIgniter\View\{closure}()
 4 SYSTEMPATH\View\View.php(469): CodeIgniter\View\View->render('Layouts/sidebar_menu', null, true)
 5 APPPATH\Views\Layouts\Layout.php(2): CodeIgniter\View\View->include('Layouts/sidebar_menu')
 6 SYSTEMPATH\View\View.php(228): include('C:\\laragon\\www\\Sistem-pembayaran\\app\\Views\\Layouts\\Layout.php')
 7 SYSTEMPATH\View\View.php(231): CodeIgniter\View\View->CodeIgniter\View\{closure}()
 8 SYSTEMPATH\View\View.php(244): CodeIgniter\View\View->render('Layouts/Layout', [], true)
 9 SYSTEMPATH\Common.php(1190): CodeIgniter\View\View->render('List_pembayaran', [], true)
10 APPPATH\Controllers\Pembayaran.php(23): view('List_pembayaran')
11 SYSTEMPATH\CodeIgniter.php(942): App\Controllers\Pembayaran->index()
12 SYSTEMPATH\CodeIgniter.php(502): CodeIgniter\CodeIgniter->runController(Object(App\Controllers\Pembayaran))
13 SYSTEMPATH\CodeIgniter.php(361): CodeIgniter\CodeIgniter->handleRequest(null, Object(Config\Cache), false)
14 FCPATH\index.php(79): CodeIgniter\CodeIgniter->run()
15 SYSTEMPATH\Commands\Server\rewrite.php(47): require_once('C:\\laragon\\www\\Sistem-pembayaran\\public\\index.php')
INFO - 2024-07-07 14:52:37 --> Session: Class initialized using 'CodeIgniter\Session\Handlers\FileHandler' driver.
CRITICAL - 2024-07-07 14:52:37 --> Undefined property: CodeIgniter\View\View::$uri
in APPPATH\Views\Layouts\sidebar_menu.php on line 71.
 1 APPPATH\Views\Layouts\sidebar_menu.php(71): CodeIgniter\Debug\Exceptions->errorHandler(2, 'Undefined property: CodeIgniter\\View\\View::$uri', 'C:\\laragon\\www\\Sistem-pembayaran\\app\\Views\\Layouts\\sidebar_menu.php', 71)
 2 SYSTEMPATH\View\View.php(228): include('C:\\laragon\\www\\Sistem-pembayaran\\app\\Views\\Layouts\\sidebar_menu.php')
 3 SYSTEMPATH\View\View.php(231): CodeIgniter\View\View->CodeIgniter\View\{closure}()
 4 SYSTEMPATH\View\View.php(469): CodeIgniter\View\View->render('Layouts/sidebar_menu', null, true)
 5 APPPATH\Views\Layouts\Layout.php(2): CodeIgniter\View\View->include('Layouts/sidebar_menu')
 6 SYSTEMPATH\View\View.php(228): include('C:\\laragon\\www\\Sistem-pembayaran\\app\\Views\\Layouts\\Layout.php')
 7 SYSTEMPATH\View\View.php(231): CodeIgniter\View\View->CodeIgniter\View\{closure}()
 8 SYSTEMPATH\View\View.php(244): CodeIgniter\View\View->render('Layouts/Layout', [], true)
 9 SYSTEMPATH\Common.php(1190): CodeIgniter\View\View->render('Add_mahasiswa', [], true)
10 APPPATH\Controllers\List_controller.php(10): view('Add_mahasiswa')
11 SYSTEMPATH\CodeIgniter.php(942): App\Controllers\List_controller->index()
12 SYSTEMPATH\CodeIgniter.php(502): CodeIgniter\CodeIgniter->runController(Object(App\Controllers\List_controller))
13 SYSTEMPATH\CodeIgniter.php(361): CodeIgniter\CodeIgniter->handleRequest(null, Object(Config\Cache), false)
14 FCPATH\index.php(79): CodeIgniter\CodeIgniter->run()
15 SYSTEMPATH\Commands\Server\rewrite.php(47): require_once('C:\\laragon\\www\\Sistem-pembayaran\\public\\index.php')
INFO - 2024-07-07 14:52:38 --> Session: Class initialized using 'CodeIgniter\Session\Handlers\FileHandler' driver.
CRITICAL - 2024-07-07 14:52:38 --> Undefined property: CodeIgniter\View\View::$uri
in APPPATH\Views\Layouts\sidebar_menu.php on line 71.
 1 APPPATH\Views\Layouts\sidebar_menu.php(71): CodeIgniter\Debug\Exceptions->errorHandler(2, 'Undefined property: CodeIgniter\\View\\View::$uri', 'C:\\laragon\\www\\Sistem-pembayaran\\app\\Views\\Layouts\\sidebar_menu.php', 71)
 2 SYSTEMPATH\View\View.php(228): include('C:\\laragon\\www\\Sistem-pembayaran\\app\\Views\\Layouts\\sidebar_menu.php')
 3 SYSTEMPATH\View\View.php(231): CodeIgniter\View\View->CodeIgniter\View\{closure}()
 4 SYSTEMPATH\View\View.php(469): CodeIgniter\View\View->render('Layouts/sidebar_menu', null, true)
 5 APPPATH\Views\Layouts\Layout.php(2): CodeIgniter\View\View->include('Layouts/sidebar_menu')
 6 SYSTEMPATH\View\View.php(228): include('C:\\laragon\\www\\Sistem-pembayaran\\app\\Views\\Layouts\\Layout.php')
 7 SYSTEMPATH\View\View.php(231): CodeIgniter\View\View->CodeIgniter\View\{closure}()
 8 SYSTEMPATH\View\View.php(244): CodeIgniter\View\View->render('Layouts/Layout', [], true)
 9 SYSTEMPATH\Common.php(1190): CodeIgniter\View\View->render('List_pembayaran', [], true)
10 APPPATH\Controllers\Pembayaran.php(23): view('List_pembayaran')
11 SYSTEMPATH\CodeIgniter.php(942): App\Controllers\Pembayaran->index()
12 SYSTEMPATH\CodeIgniter.php(502): CodeIgniter\CodeIgniter->runController(Object(App\Controllers\Pembayaran))
13 SYSTEMPATH\CodeIgniter.php(361): CodeIgniter\CodeIgniter->handleRequest(null, Object(Config\Cache), false)
14 FCPATH\index.php(79): CodeIgniter\CodeIgniter->run()
15 SYSTEMPATH\Commands\Server\rewrite.php(47): require_once('C:\\laragon\\www\\Sistem-pembayaran\\public\\index.php')
INFO - 2024-07-07 14:52:39 --> Session: Class initialized using 'CodeIgniter\Session\Handlers\FileHandler' driver.
CRITICAL - 2024-07-07 14:52:39 --> Undefined property: CodeIgniter\View\View::$uri
in APPPATH\Views\Layouts\sidebar_menu.php on line 71.
 1 APPPATH\Views\Layouts\sidebar_menu.php(71): CodeIgniter\Debug\Exceptions->errorHandler(2, 'Undefined property: CodeIgniter\\View\\View::$uri', 'C:\\laragon\\www\\Sistem-pembayaran\\app\\Views\\Layouts\\sidebar_menu.php', 71)
 2 SYSTEMPATH\View\View.php(228): include('C:\\laragon\\www\\Sistem-pembayaran\\app\\Views\\Layouts\\sidebar_menu.php')
 3 SYSTEMPATH\View\View.php(231): CodeIgniter\View\View->CodeIgniter\View\{closure}()
 4 SYSTEMPATH\View\View.php(469): CodeIgniter\View\View->render('Layouts/sidebar_menu', null, true)
 5 APPPATH\Views\Layouts\Layout.php(2): CodeIgniter\View\View->include('Layouts/sidebar_menu')
 6 SYSTEMPATH\View\View.php(228): include('C:\\laragon\\www\\Sistem-pembayaran\\app\\Views\\Layouts\\Layout.php')
 7 SYSTEMPATH\View\View.php(231): CodeIgniter\View\View->CodeIgniter\View\{closure}()
 8 SYSTEMPATH\View\View.php(244): CodeIgniter\View\View->render('Layouts/Layout', [], true)
 9 SYSTEMPATH\Common.php(1190): CodeIgniter\View\View->render('List_pembayaran', [], true)
10 APPPATH\Controllers\Pembayaran.php(23): view('List_pembayaran')
11 SYSTEMPATH\CodeIgniter.php(942): App\Controllers\Pembayaran->index()
12 SYSTEMPATH\CodeIgniter.php(502): CodeIgniter\CodeIgniter->runController(Object(App\Controllers\Pembayaran))
13 SYSTEMPATH\CodeIgniter.php(361): CodeIgniter\CodeIgniter->handleRequest(null, Object(Config\Cache), false)
14 FCPATH\index.php(79): CodeIgniter\CodeIgniter->run()
15 SYSTEMPATH\Commands\Server\rewrite.php(47): require_once('C:\\laragon\\www\\Sistem-pembayaran\\public\\index.php')
INFO - 2024-07-07 14:52:43 --> Session: Class initialized using 'CodeIgniter\Session\Handlers\FileHandler' driver.
INFO - 2024-07-07 14:53:28 --> Session: Class initialized using 'CodeIgniter\Session\Handlers\FileHandler' driver.
INFO - 2024-07-07 14:56:49 --> Session: Class initialized using 'CodeIgniter\Session\Handlers\FileHandler' driver.
CRITICAL - 2024-07-07 14:56:49 --> Undefined variable $active_page
in APPPATH\Views\Layouts\sidebar_menu.php on line 52.
 1 APPPATH\Views\Layouts\sidebar_menu.php(52): CodeIgniter\Debug\Exceptions->errorHandler(2, 'Undefined variable $active_page', 'C:\\laragon\\www\\Sistem-pembayaran\\app\\Views\\Layouts\\sidebar_menu.php', 52)
 2 SYSTEMPATH\View\View.php(228): include('C:\\laragon\\www\\Sistem-pembayaran\\app\\Views\\Layouts\\sidebar_menu.php')
 3 SYSTEMPATH\View\View.php(231): CodeIgniter\View\View->CodeIgniter\View\{closure}()
 4 SYSTEMPATH\View\View.php(469): CodeIgniter\View\View->render('Layouts/sidebar_menu', null, true)
 5 APPPATH\Views\Layouts\Layout.php(2): CodeIgniter\View\View->include('Layouts/sidebar_menu')
 6 SYSTEMPATH\View\View.php(228): include('C:\\laragon\\www\\Sistem-pembayaran\\app\\Views\\Layouts\\Layout.php')
 7 SYSTEMPATH\View\View.php(231): CodeIgniter\View\View->CodeIgniter\View\{closure}()
 8 SYSTEMPATH\View\View.php(244): CodeIgniter\View\View->render('Layouts/Layout', [], true)
 9 SYSTEMPATH\Common.php(1190): CodeIgniter\View\View->render('Add_mahasiswa', [], true)
10 APPPATH\Controllers\List_controller.php(10): view('Add_mahasiswa')
11 SYSTEMPATH\CodeIgniter.php(942): App\Controllers\List_controller->index()
12 SYSTEMPATH\CodeIgniter.php(502): CodeIgniter\CodeIgniter->runController(Object(App\Controllers\List_controller))
13 SYSTEMPATH\CodeIgniter.php(361): CodeIgniter\CodeIgniter->handleRequest(null, Object(Config\Cache), false)
14 FCPATH\index.php(79): CodeIgniter\CodeIgniter->run()
15 SYSTEMPATH\Commands\Server\rewrite.php(47): require_once('C:\\laragon\\www\\Sistem-pembayaran\\public\\index.php')
INFO - 2024-07-07 15:03:03 --> Session: Class initialized using 'CodeIgniter\Session\Handlers\FileHandler' driver.
INFO - 2024-07-07 15:03:09 --> Session: Class initialized using 'CodeIgniter\Session\Handlers\FileHandler' driver.
INFO - 2024-07-07 15:03:16 --> Session: Class initialized using 'CodeIgniter\Session\Handlers\FileHandler' driver.
INFO - 2024-07-07 15:05:13 --> Session: Class initialized using 'CodeIgniter\Session\Handlers\FileHandler' driver.
INFO - 2024-07-07 15:05:19 --> Session: Class initialized using 'CodeIgniter\Session\Handlers\FileHandler' driver.
INFO - 2024-07-07 15:06:06 --> Session: Class initialized using 'CodeIgniter\Session\Handlers\FileHandler' driver.
INFO - 2024-07-07 15:06:11 --> Session: Class initialized using 'CodeIgniter\Session\Handlers\FileHandler' driver.
INFO - 2024-07-07 15:06:22 --> Session: Class initialized using 'CodeIgniter\Session\Handlers\FileHandler' driver.
INFO - 2024-07-07 15:08:13 --> Session: Class initialized using 'CodeIgniter\Session\Handlers\FileHandler' driver.
INFO - 2024-07-07 15:08:18 --> Session: Class initialized using 'CodeIgniter\Session\Handlers\FileHandler' driver.
INFO - 2024-07-07 15:08:32 --> Session: Class initialized using 'CodeIgniter\Session\Handlers\FileHandler' driver.
INFO - 2024-07-07 15:09:07 --> Session: Class initialized using 'CodeIgniter\Session\Handlers\FileHandler' driver.
INFO - 2024-07-07 15:12:38 --> Session: Class initialized using 'CodeIgniter\Session\Handlers\FileHandler' driver.
INFO - 2024-07-07 22:57:50 --> Session: Class initialized using 'CodeIgniter\Session\Handlers\FileHandler' driver.
INFO - 2024-07-07 22:57:57 --> Session: Class initialized using 'CodeIgniter\Session\Handlers\FileHandler' driver.
INFO - 2024-07-07 22:57:58 --> Session: Class initialized using 'CodeIgniter\Session\Handlers\FileHandler' driver.
INFO - 2024-07-07 22:59:07 --> Session: Class initialized using 'CodeIgniter\Session\Handlers\FileHandler' driver.
INFO - 2024-07-07 22:59:47 --> Session: Class initialized using 'CodeIgniter\Session\Handlers\FileHandler' driver.
INFO - 2024-07-07 22:59:56 --> Session: Class initialized using 'CodeIgniter\Session\Handlers\FileHandler' driver.
INFO - 2024-07-07 23:04:00 --> Session: Class initialized using 'CodeIgniter\Session\Handlers\FileHandler' driver.
INFO - 2024-07-07 23:04:40 --> Session: Class initialized using 'CodeIgniter\Session\Handlers\FileHandler' driver.
