INFO - 2024-07-23 05:39:55 --> Session: Class initialized using 'CodeIgniter\Session\Handlers\FileHandler' driver.
INFO - 2024-07-23 05:40:03 --> Session: Class initialized using 'CodeIgniter\Session\Handlers\FileHandler' driver.
INFO - 2024-07-23 05:40:03 --> Session: Class initialized using 'CodeIgniter\Session\Handlers\FileHandler' driver.
INFO - 2024-07-23 05:40:07 --> Session: Class initialized using 'CodeIgniter\Session\Handlers\FileHandler' driver.
INFO - 2024-07-23 05:40:22 --> Session: Class initialized using 'CodeIgniter\Session\Handlers\FileHandler' driver.
INFO - 2024-07-23 05:40:30 --> Session: Class initialized using 'CodeIgniter\Session\Handlers\FileHandler' driver.
INFO - 2024-07-23 05:40:33 --> Session: Class initialized using 'CodeIgniter\Session\Handlers\FileHandler' driver.
INFO - 2024-07-23 05:40:36 --> Session: Class initialized using 'CodeIgniter\Session\Handlers\FileHandler' driver.
INFO - 2024-07-23 05:40:39 --> Session: Class initialized using 'CodeIgniter\Session\Handlers\FileHandler' driver.
INFO - 2024-07-23 05:40:46 --> Session: Class initialized using 'CodeIgniter\Session\Handlers\FileHandler' driver.
INFO - 2024-07-23 05:50:33 --> Session: Class initialized using 'CodeIgniter\Session\Handlers\FileHandler' driver.
INFO - 2024-07-23 05:50:35 --> Session: Class initialized using 'CodeIgniter\Session\Handlers\FileHandler' driver.
CRITICAL - 2024-07-23 05:50:39 --> Undefined variable $model
in APPPATH\Controllers\Mahasiswa_controller.php on line 131.
 1 APPPATH\Controllers\Mahasiswa_controller.php(131): CodeIgniter\Debug\Exceptions->errorHandler(2, 'Undefined variable $model', 'C:\\laragon\\www\\Sistem-pembayaran\\app\\Controllers\\Mahasiswa_controller.php', 131)
 2 SYSTEMPATH\CodeIgniter.php(942): App\Controllers\Mahasiswa_controller->page_edit('9')
 3 SYSTEMPATH\CodeIgniter.php(502): CodeIgniter\CodeIgniter->runController(Object(App\Controllers\Mahasiswa_controller))
 4 SYSTEMPATH\CodeIgniter.php(361): CodeIgniter\CodeIgniter->handleRequest(null, Object(Config\Cache), false)
 5 FCPATH\index.php(79): CodeIgniter\CodeIgniter->run()
 6 SYSTEMPATH\Commands\Server\rewrite.php(47): require_once('C:\\laragon\\www\\Sistem-pembayaran\\public\\index.php')
CRITICAL - 2024-07-23 05:58:26 --> Undefined variable $Tahun_ajaran_model
in APPPATH\Controllers\Mahasiswa_controller.php on line 132.
 1 APPPATH\Controllers\Mahasiswa_controller.php(132): CodeIgniter\Debug\Exceptions->errorHandler(2, 'Undefined variable $Tahun_ajaran_model', 'C:\\laragon\\www\\Sistem-pembayaran\\app\\Controllers\\Mahasiswa_controller.php', 132)
 2 SYSTEMPATH\CodeIgniter.php(942): App\Controllers\Mahasiswa_controller->page_edit('9')
 3 SYSTEMPATH\CodeIgniter.php(502): CodeIgniter\CodeIgniter->runController(Object(App\Controllers\Mahasiswa_controller))
 4 SYSTEMPATH\CodeIgniter.php(361): CodeIgniter\CodeIgniter->handleRequest(null, Object(Config\Cache), false)
 5 FCPATH\index.php(79): CodeIgniter\CodeIgniter->run()
 6 SYSTEMPATH\Commands\Server\rewrite.php(47): require_once('C:\\laragon\\www\\Sistem-pembayaran\\public\\index.php')
CRITICAL - 2024-07-23 05:58:32 --> Undefined variable $Tahun_ajaran_model
in APPPATH\Controllers\Mahasiswa_controller.php on line 132.
 1 APPPATH\Controllers\Mahasiswa_controller.php(132): CodeIgniter\Debug\Exceptions->errorHandler(2, 'Undefined variable $Tahun_ajaran_model', 'C:\\laragon\\www\\Sistem-pembayaran\\app\\Controllers\\Mahasiswa_controller.php', 132)
 2 SYSTEMPATH\CodeIgniter.php(942): App\Controllers\Mahasiswa_controller->page_edit('9')
 3 SYSTEMPATH\CodeIgniter.php(502): CodeIgniter\CodeIgniter->runController(Object(App\Controllers\Mahasiswa_controller))
 4 SYSTEMPATH\CodeIgniter.php(361): CodeIgniter\CodeIgniter->handleRequest(null, Object(Config\Cache), false)
 5 FCPATH\index.php(79): CodeIgniter\CodeIgniter->run()
 6 SYSTEMPATH\Commands\Server\rewrite.php(47): require_once('C:\\laragon\\www\\Sistem-pembayaran\\public\\index.php')
CRITICAL - 2024-07-23 05:59:08 --> Undefined variable $x
in APPPATH\Views\Mahasiswa\Edit_tahun.php on line 34.
 1 APPPATH\Views\Mahasiswa\Edit_tahun.php(34): CodeIgniter\Debug\Exceptions->errorHandler(2, 'Undefined variable $x', 'C:\\laragon\\www\\Sistem-pembayaran\\app\\Views\\Mahasiswa\\Edit_tahun.php', 34)
 2 SYSTEMPATH\View\View.php(228): include('C:\\laragon\\www\\Sistem-pembayaran\\app\\Views\\Mahasiswa\\Edit_tahun.php')
 3 SYSTEMPATH\View\View.php(231): CodeIgniter\View\View->CodeIgniter\View\{closure}()
 4 SYSTEMPATH\Common.php(1190): CodeIgniter\View\View->render('Mahasiswa/Edit_tahun', [], true)
 5 APPPATH\Controllers\Mahasiswa_controller.php(134): view('Mahasiswa/Edit_tahun')
 6 SYSTEMPATH\CodeIgniter.php(942): App\Controllers\Mahasiswa_controller->page_edit('9')
 7 SYSTEMPATH\CodeIgniter.php(502): CodeIgniter\CodeIgniter->runController(Object(App\Controllers\Mahasiswa_controller))
 8 SYSTEMPATH\CodeIgniter.php(361): CodeIgniter\CodeIgniter->handleRequest(null, Object(Config\Cache), false)
 9 FCPATH\index.php(79): CodeIgniter\CodeIgniter->run()
10 SYSTEMPATH\Commands\Server\rewrite.php(47): require_once('C:\\laragon\\www\\Sistem-pembayaran\\public\\index.php')
CRITICAL - 2024-07-23 05:59:10 --> Undefined variable $x
in APPPATH\Views\Mahasiswa\Edit_tahun.php on line 34.
 1 APPPATH\Views\Mahasiswa\Edit_tahun.php(34): CodeIgniter\Debug\Exceptions->errorHandler(2, 'Undefined variable $x', 'C:\\laragon\\www\\Sistem-pembayaran\\app\\Views\\Mahasiswa\\Edit_tahun.php', 34)
 2 SYSTEMPATH\View\View.php(228): include('C:\\laragon\\www\\Sistem-pembayaran\\app\\Views\\Mahasiswa\\Edit_tahun.php')
 3 SYSTEMPATH\View\View.php(231): CodeIgniter\View\View->CodeIgniter\View\{closure}()
 4 SYSTEMPATH\Common.php(1190): CodeIgniter\View\View->render('Mahasiswa/Edit_tahun', [], true)
 5 APPPATH\Controllers\Mahasiswa_controller.php(134): view('Mahasiswa/Edit_tahun')
 6 SYSTEMPATH\CodeIgniter.php(942): App\Controllers\Mahasiswa_controller->page_edit('9')
 7 SYSTEMPATH\CodeIgniter.php(502): CodeIgniter\CodeIgniter->runController(Object(App\Controllers\Mahasiswa_controller))
 8 SYSTEMPATH\CodeIgniter.php(361): CodeIgniter\CodeIgniter->handleRequest(null, Object(Config\Cache), false)
 9 FCPATH\index.php(79): CodeIgniter\CodeIgniter->run()
10 SYSTEMPATH\Commands\Server\rewrite.php(47): require_once('C:\\laragon\\www\\Sistem-pembayaran\\public\\index.php')
CRITICAL - 2024-07-23 06:00:49 --> Undefined variable $data
in APPPATH\Views\Mahasiswa\Edit_tahun.php on line 34.
 1 APPPATH\Views\Mahasiswa\Edit_tahun.php(34): CodeIgniter\Debug\Exceptions->errorHandler(2, 'Undefined variable $data', 'C:\\laragon\\www\\Sistem-pembayaran\\app\\Views\\Mahasiswa\\Edit_tahun.php', 34)
 2 SYSTEMPATH\View\View.php(228): include('C:\\laragon\\www\\Sistem-pembayaran\\app\\Views\\Mahasiswa\\Edit_tahun.php')
 3 SYSTEMPATH\View\View.php(231): CodeIgniter\View\View->CodeIgniter\View\{closure}()
 4 SYSTEMPATH\Common.php(1190): CodeIgniter\View\View->render('Mahasiswa/Edit_tahun', [], true)
 5 APPPATH\Controllers\Mahasiswa_controller.php(134): view('Mahasiswa/Edit_tahun')
 6 SYSTEMPATH\CodeIgniter.php(942): App\Controllers\Mahasiswa_controller->page_edit('9')
 7 SYSTEMPATH\CodeIgniter.php(502): CodeIgniter\CodeIgniter->runController(Object(App\Controllers\Mahasiswa_controller))
 8 SYSTEMPATH\CodeIgniter.php(361): CodeIgniter\CodeIgniter->handleRequest(null, Object(Config\Cache), false)
 9 FCPATH\index.php(79): CodeIgniter\CodeIgniter->run()
10 SYSTEMPATH\Commands\Server\rewrite.php(47): require_once('C:\\laragon\\www\\Sistem-pembayaran\\public\\index.php')
CRITICAL - 2024-07-23 06:01:26 --> Undefined variable $data
in APPPATH\Views\Mahasiswa\Edit_tahun.php on line 34.
 1 APPPATH\Views\Mahasiswa\Edit_tahun.php(34): CodeIgniter\Debug\Exceptions->errorHandler(2, 'Undefined variable $data', 'C:\\laragon\\www\\Sistem-pembayaran\\app\\Views\\Mahasiswa\\Edit_tahun.php', 34)
 2 SYSTEMPATH\View\View.php(228): include('C:\\laragon\\www\\Sistem-pembayaran\\app\\Views\\Mahasiswa\\Edit_tahun.php')
 3 SYSTEMPATH\View\View.php(231): CodeIgniter\View\View->CodeIgniter\View\{closure}()
 4 SYSTEMPATH\Common.php(1190): CodeIgniter\View\View->render('Mahasiswa/Edit_tahun', [], true)
 5 APPPATH\Controllers\Mahasiswa_controller.php(134): view('Mahasiswa/Edit_tahun', [...])
 6 SYSTEMPATH\CodeIgniter.php(942): App\Controllers\Mahasiswa_controller->page_edit('9')
 7 SYSTEMPATH\CodeIgniter.php(502): CodeIgniter\CodeIgniter->runController(Object(App\Controllers\Mahasiswa_controller))
 8 SYSTEMPATH\CodeIgniter.php(361): CodeIgniter\CodeIgniter->handleRequest(null, Object(Config\Cache), false)
 9 FCPATH\index.php(79): CodeIgniter\CodeIgniter->run()
10 SYSTEMPATH\Commands\Server\rewrite.php(47): require_once('C:\\laragon\\www\\Sistem-pembayaran\\public\\index.php')
CRITICAL - 2024-07-23 06:01:27 --> Undefined variable $data
in APPPATH\Views\Mahasiswa\Edit_tahun.php on line 34.
 1 APPPATH\Views\Mahasiswa\Edit_tahun.php(34): CodeIgniter\Debug\Exceptions->errorHandler(2, 'Undefined variable $data', 'C:\\laragon\\www\\Sistem-pembayaran\\app\\Views\\Mahasiswa\\Edit_tahun.php', 34)
 2 SYSTEMPATH\View\View.php(228): include('C:\\laragon\\www\\Sistem-pembayaran\\app\\Views\\Mahasiswa\\Edit_tahun.php')
 3 SYSTEMPATH\View\View.php(231): CodeIgniter\View\View->CodeIgniter\View\{closure}()
 4 SYSTEMPATH\Common.php(1190): CodeIgniter\View\View->render('Mahasiswa/Edit_tahun', [], true)
 5 APPPATH\Controllers\Mahasiswa_controller.php(134): view('Mahasiswa/Edit_tahun', [...])
 6 SYSTEMPATH\CodeIgniter.php(942): App\Controllers\Mahasiswa_controller->page_edit('9')
 7 SYSTEMPATH\CodeIgniter.php(502): CodeIgniter\CodeIgniter->runController(Object(App\Controllers\Mahasiswa_controller))
 8 SYSTEMPATH\CodeIgniter.php(361): CodeIgniter\CodeIgniter->handleRequest(null, Object(Config\Cache), false)
 9 FCPATH\index.php(79): CodeIgniter\CodeIgniter->run()
10 SYSTEMPATH\Commands\Server\rewrite.php(47): require_once('C:\\laragon\\www\\Sistem-pembayaran\\public\\index.php')
CRITICAL - 2024-07-23 06:01:29 --> Undefined variable $data
in APPPATH\Views\Mahasiswa\Edit_tahun.php on line 34.
 1 APPPATH\Views\Mahasiswa\Edit_tahun.php(34): CodeIgniter\Debug\Exceptions->errorHandler(2, 'Undefined variable $data', 'C:\\laragon\\www\\Sistem-pembayaran\\app\\Views\\Mahasiswa\\Edit_tahun.php', 34)
 2 SYSTEMPATH\View\View.php(228): include('C:\\laragon\\www\\Sistem-pembayaran\\app\\Views\\Mahasiswa\\Edit_tahun.php')
 3 SYSTEMPATH\View\View.php(231): CodeIgniter\View\View->CodeIgniter\View\{closure}()
 4 SYSTEMPATH\Common.php(1190): CodeIgniter\View\View->render('Mahasiswa/Edit_tahun', [], true)
 5 APPPATH\Controllers\Mahasiswa_controller.php(134): view('Mahasiswa/Edit_tahun', [...])
 6 SYSTEMPATH\CodeIgniter.php(942): App\Controllers\Mahasiswa_controller->page_edit('9')
 7 SYSTEMPATH\CodeIgniter.php(502): CodeIgniter\CodeIgniter->runController(Object(App\Controllers\Mahasiswa_controller))
 8 SYSTEMPATH\CodeIgniter.php(361): CodeIgniter\CodeIgniter->handleRequest(null, Object(Config\Cache), false)
 9 FCPATH\index.php(79): CodeIgniter\CodeIgniter->run()
10 SYSTEMPATH\Commands\Server\rewrite.php(47): require_once('C:\\laragon\\www\\Sistem-pembayaran\\public\\index.php')
CRITICAL - 2024-07-23 06:03:18 --> Undefined variable $data
in APPPATH\Views\Mahasiswa\Edit_tahun.php on line 33.
 1 APPPATH\Views\Mahasiswa\Edit_tahun.php(33): CodeIgniter\Debug\Exceptions->errorHandler(2, 'Undefined variable $data', 'C:\\laragon\\www\\Sistem-pembayaran\\app\\Views\\Mahasiswa\\Edit_tahun.php', 33)
 2 SYSTEMPATH\View\View.php(228): include('C:\\laragon\\www\\Sistem-pembayaran\\app\\Views\\Mahasiswa\\Edit_tahun.php')
 3 SYSTEMPATH\View\View.php(231): CodeIgniter\View\View->CodeIgniter\View\{closure}()
 4 SYSTEMPATH\Common.php(1190): CodeIgniter\View\View->render('Mahasiswa/Edit_tahun', [], true)
 5 APPPATH\Controllers\Mahasiswa_controller.php(134): view('Mahasiswa/Edit_tahun', [...])
 6 SYSTEMPATH\CodeIgniter.php(942): App\Controllers\Mahasiswa_controller->page_edit('9')
 7 SYSTEMPATH\CodeIgniter.php(502): CodeIgniter\CodeIgniter->runController(Object(App\Controllers\Mahasiswa_controller))
 8 SYSTEMPATH\CodeIgniter.php(361): CodeIgniter\CodeIgniter->handleRequest(null, Object(Config\Cache), false)
 9 FCPATH\index.php(79): CodeIgniter\CodeIgniter->run()
10 SYSTEMPATH\Commands\Server\rewrite.php(47): require_once('C:\\laragon\\www\\Sistem-pembayaran\\public\\index.php')
CRITICAL - 2024-07-23 06:03:20 --> Undefined variable $data
in APPPATH\Views\Mahasiswa\Edit_tahun.php on line 33.
 1 APPPATH\Views\Mahasiswa\Edit_tahun.php(33): CodeIgniter\Debug\Exceptions->errorHandler(2, 'Undefined variable $data', 'C:\\laragon\\www\\Sistem-pembayaran\\app\\Views\\Mahasiswa\\Edit_tahun.php', 33)
 2 SYSTEMPATH\View\View.php(228): include('C:\\laragon\\www\\Sistem-pembayaran\\app\\Views\\Mahasiswa\\Edit_tahun.php')
 3 SYSTEMPATH\View\View.php(231): CodeIgniter\View\View->CodeIgniter\View\{closure}()
 4 SYSTEMPATH\Common.php(1190): CodeIgniter\View\View->render('Mahasiswa/Edit_tahun', [], true)
 5 APPPATH\Controllers\Mahasiswa_controller.php(134): view('Mahasiswa/Edit_tahun', [...])
 6 SYSTEMPATH\CodeIgniter.php(942): App\Controllers\Mahasiswa_controller->page_edit('9')
 7 SYSTEMPATH\CodeIgniter.php(502): CodeIgniter\CodeIgniter->runController(Object(App\Controllers\Mahasiswa_controller))
 8 SYSTEMPATH\CodeIgniter.php(361): CodeIgniter\CodeIgniter->handleRequest(null, Object(Config\Cache), false)
 9 FCPATH\index.php(79): CodeIgniter\CodeIgniter->run()
10 SYSTEMPATH\Commands\Server\rewrite.php(47): require_once('C:\\laragon\\www\\Sistem-pembayaran\\public\\index.php')
CRITICAL - 2024-07-23 06:03:22 --> Undefined variable $data
in APPPATH\Views\Mahasiswa\Edit_tahun.php on line 33.
 1 APPPATH\Views\Mahasiswa\Edit_tahun.php(33): CodeIgniter\Debug\Exceptions->errorHandler(2, 'Undefined variable $data', 'C:\\laragon\\www\\Sistem-pembayaran\\app\\Views\\Mahasiswa\\Edit_tahun.php', 33)
 2 SYSTEMPATH\View\View.php(228): include('C:\\laragon\\www\\Sistem-pembayaran\\app\\Views\\Mahasiswa\\Edit_tahun.php')
 3 SYSTEMPATH\View\View.php(231): CodeIgniter\View\View->CodeIgniter\View\{closure}()
 4 SYSTEMPATH\Common.php(1190): CodeIgniter\View\View->render('Mahasiswa/Edit_tahun', [], true)
 5 APPPATH\Controllers\Mahasiswa_controller.php(134): view('Mahasiswa/Edit_tahun', [...])
 6 SYSTEMPATH\CodeIgniter.php(942): App\Controllers\Mahasiswa_controller->page_edit('9')
 7 SYSTEMPATH\CodeIgniter.php(502): CodeIgniter\CodeIgniter->runController(Object(App\Controllers\Mahasiswa_controller))
 8 SYSTEMPATH\CodeIgniter.php(361): CodeIgniter\CodeIgniter->handleRequest(null, Object(Config\Cache), false)
 9 FCPATH\index.php(79): CodeIgniter\CodeIgniter->run()
10 SYSTEMPATH\Commands\Server\rewrite.php(47): require_once('C:\\laragon\\www\\Sistem-pembayaran\\public\\index.php')
CRITICAL - 2024-07-23 06:03:23 --> Undefined variable $data
in APPPATH\Views\Mahasiswa\Edit_tahun.php on line 33.
 1 APPPATH\Views\Mahasiswa\Edit_tahun.php(33): CodeIgniter\Debug\Exceptions->errorHandler(2, 'Undefined variable $data', 'C:\\laragon\\www\\Sistem-pembayaran\\app\\Views\\Mahasiswa\\Edit_tahun.php', 33)
 2 SYSTEMPATH\View\View.php(228): include('C:\\laragon\\www\\Sistem-pembayaran\\app\\Views\\Mahasiswa\\Edit_tahun.php')
 3 SYSTEMPATH\View\View.php(231): CodeIgniter\View\View->CodeIgniter\View\{closure}()
 4 SYSTEMPATH\Common.php(1190): CodeIgniter\View\View->render('Mahasiswa/Edit_tahun', [], true)
 5 APPPATH\Controllers\Mahasiswa_controller.php(134): view('Mahasiswa/Edit_tahun', [...])
 6 SYSTEMPATH\CodeIgniter.php(942): App\Controllers\Mahasiswa_controller->page_edit('9')
 7 SYSTEMPATH\CodeIgniter.php(502): CodeIgniter\CodeIgniter->runController(Object(App\Controllers\Mahasiswa_controller))
 8 SYSTEMPATH\CodeIgniter.php(361): CodeIgniter\CodeIgniter->handleRequest(null, Object(Config\Cache), false)
 9 FCPATH\index.php(79): CodeIgniter\CodeIgniter->run()
10 SYSTEMPATH\Commands\Server\rewrite.php(47): require_once('C:\\laragon\\www\\Sistem-pembayaran\\public\\index.php')
CRITICAL - 2024-07-23 06:03:24 --> Undefined variable $data
in APPPATH\Views\Mahasiswa\Edit_tahun.php on line 33.
 1 APPPATH\Views\Mahasiswa\Edit_tahun.php(33): CodeIgniter\Debug\Exceptions->errorHandler(2, 'Undefined variable $data', 'C:\\laragon\\www\\Sistem-pembayaran\\app\\Views\\Mahasiswa\\Edit_tahun.php', 33)
 2 SYSTEMPATH\View\View.php(228): include('C:\\laragon\\www\\Sistem-pembayaran\\app\\Views\\Mahasiswa\\Edit_tahun.php')
 3 SYSTEMPATH\View\View.php(231): CodeIgniter\View\View->CodeIgniter\View\{closure}()
 4 SYSTEMPATH\Common.php(1190): CodeIgniter\View\View->render('Mahasiswa/Edit_tahun', [], true)
 5 APPPATH\Controllers\Mahasiswa_controller.php(134): view('Mahasiswa/Edit_tahun', [...])
 6 SYSTEMPATH\CodeIgniter.php(942): App\Controllers\Mahasiswa_controller->page_edit('9')
 7 SYSTEMPATH\CodeIgniter.php(502): CodeIgniter\CodeIgniter->runController(Object(App\Controllers\Mahasiswa_controller))
 8 SYSTEMPATH\CodeIgniter.php(361): CodeIgniter\CodeIgniter->handleRequest(null, Object(Config\Cache), false)
 9 FCPATH\index.php(79): CodeIgniter\CodeIgniter->run()
10 SYSTEMPATH\Commands\Server\rewrite.php(47): require_once('C:\\laragon\\www\\Sistem-pembayaran\\public\\index.php')
CRITICAL - 2024-07-23 06:03:24 --> Undefined variable $data
in APPPATH\Views\Mahasiswa\Edit_tahun.php on line 33.
 1 APPPATH\Views\Mahasiswa\Edit_tahun.php(33): CodeIgniter\Debug\Exceptions->errorHandler(2, 'Undefined variable $data', 'C:\\laragon\\www\\Sistem-pembayaran\\app\\Views\\Mahasiswa\\Edit_tahun.php', 33)
 2 SYSTEMPATH\View\View.php(228): include('C:\\laragon\\www\\Sistem-pembayaran\\app\\Views\\Mahasiswa\\Edit_tahun.php')
 3 SYSTEMPATH\View\View.php(231): CodeIgniter\View\View->CodeIgniter\View\{closure}()
 4 SYSTEMPATH\Common.php(1190): CodeIgniter\View\View->render('Mahasiswa/Edit_tahun', [], true)
 5 APPPATH\Controllers\Mahasiswa_controller.php(134): view('Mahasiswa/Edit_tahun', [...])
 6 SYSTEMPATH\CodeIgniter.php(942): App\Controllers\Mahasiswa_controller->page_edit('9')
 7 SYSTEMPATH\CodeIgniter.php(502): CodeIgniter\CodeIgniter->runController(Object(App\Controllers\Mahasiswa_controller))
 8 SYSTEMPATH\CodeIgniter.php(361): CodeIgniter\CodeIgniter->handleRequest(null, Object(Config\Cache), false)
 9 FCPATH\index.php(79): CodeIgniter\CodeIgniter->run()
10 SYSTEMPATH\Commands\Server\rewrite.php(47): require_once('C:\\laragon\\www\\Sistem-pembayaran\\public\\index.php')
CRITICAL - 2024-07-23 06:03:24 --> Undefined variable $data
in APPPATH\Views\Mahasiswa\Edit_tahun.php on line 33.
 1 APPPATH\Views\Mahasiswa\Edit_tahun.php(33): CodeIgniter\Debug\Exceptions->errorHandler(2, 'Undefined variable $data', 'C:\\laragon\\www\\Sistem-pembayaran\\app\\Views\\Mahasiswa\\Edit_tahun.php', 33)
 2 SYSTEMPATH\View\View.php(228): include('C:\\laragon\\www\\Sistem-pembayaran\\app\\Views\\Mahasiswa\\Edit_tahun.php')
 3 SYSTEMPATH\View\View.php(231): CodeIgniter\View\View->CodeIgniter\View\{closure}()
 4 SYSTEMPATH\Common.php(1190): CodeIgniter\View\View->render('Mahasiswa/Edit_tahun', [], true)
 5 APPPATH\Controllers\Mahasiswa_controller.php(134): view('Mahasiswa/Edit_tahun', [...])
 6 SYSTEMPATH\CodeIgniter.php(942): App\Controllers\Mahasiswa_controller->page_edit('9')
 7 SYSTEMPATH\CodeIgniter.php(502): CodeIgniter\CodeIgniter->runController(Object(App\Controllers\Mahasiswa_controller))
 8 SYSTEMPATH\CodeIgniter.php(361): CodeIgniter\CodeIgniter->handleRequest(null, Object(Config\Cache), false)
 9 FCPATH\index.php(79): CodeIgniter\CodeIgniter->run()
10 SYSTEMPATH\Commands\Server\rewrite.php(47): require_once('C:\\laragon\\www\\Sistem-pembayaran\\public\\index.php')
CRITICAL - 2024-07-23 06:03:25 --> Undefined variable $data
in APPPATH\Views\Mahasiswa\Edit_tahun.php on line 33.
 1 APPPATH\Views\Mahasiswa\Edit_tahun.php(33): CodeIgniter\Debug\Exceptions->errorHandler(2, 'Undefined variable $data', 'C:\\laragon\\www\\Sistem-pembayaran\\app\\Views\\Mahasiswa\\Edit_tahun.php', 33)
 2 SYSTEMPATH\View\View.php(228): include('C:\\laragon\\www\\Sistem-pembayaran\\app\\Views\\Mahasiswa\\Edit_tahun.php')
 3 SYSTEMPATH\View\View.php(231): CodeIgniter\View\View->CodeIgniter\View\{closure}()
 4 SYSTEMPATH\Common.php(1190): CodeIgniter\View\View->render('Mahasiswa/Edit_tahun', [], true)
 5 APPPATH\Controllers\Mahasiswa_controller.php(134): view('Mahasiswa/Edit_tahun', [...])
 6 SYSTEMPATH\CodeIgniter.php(942): App\Controllers\Mahasiswa_controller->page_edit('9')
 7 SYSTEMPATH\CodeIgniter.php(502): CodeIgniter\CodeIgniter->runController(Object(App\Controllers\Mahasiswa_controller))
 8 SYSTEMPATH\CodeIgniter.php(361): CodeIgniter\CodeIgniter->handleRequest(null, Object(Config\Cache), false)
 9 FCPATH\index.php(79): CodeIgniter\CodeIgniter->run()
10 SYSTEMPATH\Commands\Server\rewrite.php(47): require_once('C:\\laragon\\www\\Sistem-pembayaran\\public\\index.php')
CRITICAL - 2024-07-23 06:03:36 --> foreach() argument must be of type array|object, null given
in APPPATH\Views\Mahasiswa\Edit_tahun.php on line 33.
 1 APPPATH\Views\Mahasiswa\Edit_tahun.php(33): CodeIgniter\Debug\Exceptions->errorHandler(2, 'foreach() argument must be of type array|object, null given', 'C:\\laragon\\www\\Sistem-pembayaran\\app\\Views\\Mahasiswa\\Edit_tahun.php', 33)
 2 SYSTEMPATH\View\View.php(228): include('C:\\laragon\\www\\Sistem-pembayaran\\app\\Views\\Mahasiswa\\Edit_tahun.php')
 3 SYSTEMPATH\View\View.php(231): CodeIgniter\View\View->CodeIgniter\View\{closure}()
 4 SYSTEMPATH\Common.php(1190): CodeIgniter\View\View->render('Mahasiswa/Edit_tahun', [], true)
 5 APPPATH\Controllers\Mahasiswa_controller.php(134): view('Mahasiswa/Edit_tahun', [...])
 6 SYSTEMPATH\CodeIgniter.php(942): App\Controllers\Mahasiswa_controller->page_edit('9')
 7 SYSTEMPATH\CodeIgniter.php(502): CodeIgniter\CodeIgniter->runController(Object(App\Controllers\Mahasiswa_controller))
 8 SYSTEMPATH\CodeIgniter.php(361): CodeIgniter\CodeIgniter->handleRequest(null, Object(Config\Cache), false)
 9 FCPATH\index.php(79): CodeIgniter\CodeIgniter->run()
10 SYSTEMPATH\Commands\Server\rewrite.php(47): require_once('C:\\laragon\\www\\Sistem-pembayaran\\public\\index.php')
CRITICAL - 2024-07-23 06:04:40 --> Undefined variable $id
in APPPATH\Views\Mahasiswa\Edit_tahun.php on line 33.
 1 APPPATH\Views\Mahasiswa\Edit_tahun.php(33): CodeIgniter\Debug\Exceptions->errorHandler(2, 'Undefined variable $id', 'C:\\laragon\\www\\Sistem-pembayaran\\app\\Views\\Mahasiswa\\Edit_tahun.php', 33)
 2 SYSTEMPATH\View\View.php(228): include('C:\\laragon\\www\\Sistem-pembayaran\\app\\Views\\Mahasiswa\\Edit_tahun.php')
 3 SYSTEMPATH\View\View.php(231): CodeIgniter\View\View->CodeIgniter\View\{closure}()
 4 SYSTEMPATH\Common.php(1190): CodeIgniter\View\View->render('Mahasiswa/Edit_tahun', [], true)
 5 APPPATH\Controllers\Mahasiswa_controller.php(134): view('Mahasiswa/Edit_tahun', [...])
 6 SYSTEMPATH\CodeIgniter.php(942): App\Controllers\Mahasiswa_controller->page_edit('9')
 7 SYSTEMPATH\CodeIgniter.php(502): CodeIgniter\CodeIgniter->runController(Object(App\Controllers\Mahasiswa_controller))
 8 SYSTEMPATH\CodeIgniter.php(361): CodeIgniter\CodeIgniter->handleRequest(null, Object(Config\Cache), false)
 9 FCPATH\index.php(79): CodeIgniter\CodeIgniter->run()
10 SYSTEMPATH\Commands\Server\rewrite.php(47): require_once('C:\\laragon\\www\\Sistem-pembayaran\\public\\index.php')
CRITICAL - 2024-07-23 06:06:41 --> foreach() argument must be of type array|object, null given
in APPPATH\Views\Mahasiswa\Edit_tahun.php on line 33.
 1 APPPATH\Views\Mahasiswa\Edit_tahun.php(33): CodeIgniter\Debug\Exceptions->errorHandler(2, 'foreach() argument must be of type array|object, null given', 'C:\\laragon\\www\\Sistem-pembayaran\\app\\Views\\Mahasiswa\\Edit_tahun.php', 33)
 2 SYSTEMPATH\View\View.php(228): include('C:\\laragon\\www\\Sistem-pembayaran\\app\\Views\\Mahasiswa\\Edit_tahun.php')
 3 SYSTEMPATH\View\View.php(231): CodeIgniter\View\View->CodeIgniter\View\{closure}()
 4 SYSTEMPATH\Common.php(1190): CodeIgniter\View\View->render('Mahasiswa/Edit_tahun', [], true)
 5 APPPATH\Controllers\Mahasiswa_controller.php(134): view('Mahasiswa/Edit_tahun', [...])
 6 SYSTEMPATH\CodeIgniter.php(942): App\Controllers\Mahasiswa_controller->page_edit('9')
 7 SYSTEMPATH\CodeIgniter.php(502): CodeIgniter\CodeIgniter->runController(Object(App\Controllers\Mahasiswa_controller))
 8 SYSTEMPATH\CodeIgniter.php(361): CodeIgniter\CodeIgniter->handleRequest(null, Object(Config\Cache), false)
 9 FCPATH\index.php(79): CodeIgniter\CodeIgniter->run()
10 SYSTEMPATH\Commands\Server\rewrite.php(47): require_once('C:\\laragon\\www\\Sistem-pembayaran\\public\\index.php')
CRITICAL - 2024-07-23 06:07:11 --> foreach() argument must be of type array|object, null given
in APPPATH\Views\Mahasiswa\Edit_tahun.php on line 33.
 1 APPPATH\Views\Mahasiswa\Edit_tahun.php(33): CodeIgniter\Debug\Exceptions->errorHandler(2, 'foreach() argument must be of type array|object, null given', 'C:\\laragon\\www\\Sistem-pembayaran\\app\\Views\\Mahasiswa\\Edit_tahun.php', 33)
 2 SYSTEMPATH\View\View.php(228): include('C:\\laragon\\www\\Sistem-pembayaran\\app\\Views\\Mahasiswa\\Edit_tahun.php')
 3 SYSTEMPATH\View\View.php(231): CodeIgniter\View\View->CodeIgniter\View\{closure}()
 4 SYSTEMPATH\Common.php(1190): CodeIgniter\View\View->render('Mahasiswa/Edit_tahun', [], true)
 5 APPPATH\Controllers\Mahasiswa_controller.php(134): view('Mahasiswa/Edit_tahun', [...])
 6 SYSTEMPATH\CodeIgniter.php(942): App\Controllers\Mahasiswa_controller->page_edit('9')
 7 SYSTEMPATH\CodeIgniter.php(502): CodeIgniter\CodeIgniter->runController(Object(App\Controllers\Mahasiswa_controller))
 8 SYSTEMPATH\CodeIgniter.php(361): CodeIgniter\CodeIgniter->handleRequest(null, Object(Config\Cache), false)
 9 FCPATH\index.php(79): CodeIgniter\CodeIgniter->run()
10 SYSTEMPATH\Commands\Server\rewrite.php(47): require_once('C:\\laragon\\www\\Sistem-pembayaran\\public\\index.php')
CRITICAL - 2024-07-23 06:07:12 --> foreach() argument must be of type array|object, null given
in APPPATH\Views\Mahasiswa\Edit_tahun.php on line 33.
 1 APPPATH\Views\Mahasiswa\Edit_tahun.php(33): CodeIgniter\Debug\Exceptions->errorHandler(2, 'foreach() argument must be of type array|object, null given', 'C:\\laragon\\www\\Sistem-pembayaran\\app\\Views\\Mahasiswa\\Edit_tahun.php', 33)
 2 SYSTEMPATH\View\View.php(228): include('C:\\laragon\\www\\Sistem-pembayaran\\app\\Views\\Mahasiswa\\Edit_tahun.php')
 3 SYSTEMPATH\View\View.php(231): CodeIgniter\View\View->CodeIgniter\View\{closure}()
 4 SYSTEMPATH\Common.php(1190): CodeIgniter\View\View->render('Mahasiswa/Edit_tahun', [], true)
 5 APPPATH\Controllers\Mahasiswa_controller.php(134): view('Mahasiswa/Edit_tahun', [...])
 6 SYSTEMPATH\CodeIgniter.php(942): App\Controllers\Mahasiswa_controller->page_edit('9')
 7 SYSTEMPATH\CodeIgniter.php(502): CodeIgniter\CodeIgniter->runController(Object(App\Controllers\Mahasiswa_controller))
 8 SYSTEMPATH\CodeIgniter.php(361): CodeIgniter\CodeIgniter->handleRequest(null, Object(Config\Cache), false)
 9 FCPATH\index.php(79): CodeIgniter\CodeIgniter->run()
10 SYSTEMPATH\Commands\Server\rewrite.php(47): require_once('C:\\laragon\\www\\Sistem-pembayaran\\public\\index.php')
CRITICAL - 2024-07-23 06:07:13 --> foreach() argument must be of type array|object, null given
in APPPATH\Views\Mahasiswa\Edit_tahun.php on line 33.
 1 APPPATH\Views\Mahasiswa\Edit_tahun.php(33): CodeIgniter\Debug\Exceptions->errorHandler(2, 'foreach() argument must be of type array|object, null given', 'C:\\laragon\\www\\Sistem-pembayaran\\app\\Views\\Mahasiswa\\Edit_tahun.php', 33)
 2 SYSTEMPATH\View\View.php(228): include('C:\\laragon\\www\\Sistem-pembayaran\\app\\Views\\Mahasiswa\\Edit_tahun.php')
 3 SYSTEMPATH\View\View.php(231): CodeIgniter\View\View->CodeIgniter\View\{closure}()
 4 SYSTEMPATH\Common.php(1190): CodeIgniter\View\View->render('Mahasiswa/Edit_tahun', [], true)
 5 APPPATH\Controllers\Mahasiswa_controller.php(134): view('Mahasiswa/Edit_tahun', [...])
 6 SYSTEMPATH\CodeIgniter.php(942): App\Controllers\Mahasiswa_controller->page_edit('9')
 7 SYSTEMPATH\CodeIgniter.php(502): CodeIgniter\CodeIgniter->runController(Object(App\Controllers\Mahasiswa_controller))
 8 SYSTEMPATH\CodeIgniter.php(361): CodeIgniter\CodeIgniter->handleRequest(null, Object(Config\Cache), false)
 9 FCPATH\index.php(79): CodeIgniter\CodeIgniter->run()
10 SYSTEMPATH\Commands\Server\rewrite.php(47): require_once('C:\\laragon\\www\\Sistem-pembayaran\\public\\index.php')
CRITICAL - 2024-07-23 06:07:14 --> foreach() argument must be of type array|object, null given
in APPPATH\Views\Mahasiswa\Edit_tahun.php on line 33.
 1 APPPATH\Views\Mahasiswa\Edit_tahun.php(33): CodeIgniter\Debug\Exceptions->errorHandler(2, 'foreach() argument must be of type array|object, null given', 'C:\\laragon\\www\\Sistem-pembayaran\\app\\Views\\Mahasiswa\\Edit_tahun.php', 33)
 2 SYSTEMPATH\View\View.php(228): include('C:\\laragon\\www\\Sistem-pembayaran\\app\\Views\\Mahasiswa\\Edit_tahun.php')
 3 SYSTEMPATH\View\View.php(231): CodeIgniter\View\View->CodeIgniter\View\{closure}()
 4 SYSTEMPATH\Common.php(1190): CodeIgniter\View\View->render('Mahasiswa/Edit_tahun', [], true)
 5 APPPATH\Controllers\Mahasiswa_controller.php(134): view('Mahasiswa/Edit_tahun', [...])
 6 SYSTEMPATH\CodeIgniter.php(942): App\Controllers\Mahasiswa_controller->page_edit('9')
 7 SYSTEMPATH\CodeIgniter.php(502): CodeIgniter\CodeIgniter->runController(Object(App\Controllers\Mahasiswa_controller))
 8 SYSTEMPATH\CodeIgniter.php(361): CodeIgniter\CodeIgniter->handleRequest(null, Object(Config\Cache), false)
 9 FCPATH\index.php(79): CodeIgniter\CodeIgniter->run()
10 SYSTEMPATH\Commands\Server\rewrite.php(47): require_once('C:\\laragon\\www\\Sistem-pembayaran\\public\\index.php')
CRITICAL - 2024-07-23 06:07:14 --> foreach() argument must be of type array|object, null given
in APPPATH\Views\Mahasiswa\Edit_tahun.php on line 33.
 1 APPPATH\Views\Mahasiswa\Edit_tahun.php(33): CodeIgniter\Debug\Exceptions->errorHandler(2, 'foreach() argument must be of type array|object, null given', 'C:\\laragon\\www\\Sistem-pembayaran\\app\\Views\\Mahasiswa\\Edit_tahun.php', 33)
 2 SYSTEMPATH\View\View.php(228): include('C:\\laragon\\www\\Sistem-pembayaran\\app\\Views\\Mahasiswa\\Edit_tahun.php')
 3 SYSTEMPATH\View\View.php(231): CodeIgniter\View\View->CodeIgniter\View\{closure}()
 4 SYSTEMPATH\Common.php(1190): CodeIgniter\View\View->render('Mahasiswa/Edit_tahun', [], true)
 5 APPPATH\Controllers\Mahasiswa_controller.php(134): view('Mahasiswa/Edit_tahun', [...])
 6 SYSTEMPATH\CodeIgniter.php(942): App\Controllers\Mahasiswa_controller->page_edit('9')
 7 SYSTEMPATH\CodeIgniter.php(502): CodeIgniter\CodeIgniter->runController(Object(App\Controllers\Mahasiswa_controller))
 8 SYSTEMPATH\CodeIgniter.php(361): CodeIgniter\CodeIgniter->handleRequest(null, Object(Config\Cache), false)
 9 FCPATH\index.php(79): CodeIgniter\CodeIgniter->run()
10 SYSTEMPATH\Commands\Server\rewrite.php(47): require_once('C:\\laragon\\www\\Sistem-pembayaran\\public\\index.php')
CRITICAL - 2024-07-23 06:09:07 --> foreach() argument must be of type array|object, null given
in APPPATH\Views\Mahasiswa\Edit_tahun.php on line 33.
 1 APPPATH\Views\Mahasiswa\Edit_tahun.php(33): CodeIgniter\Debug\Exceptions->errorHandler(2, 'foreach() argument must be of type array|object, null given', 'C:\\laragon\\www\\Sistem-pembayaran\\app\\Views\\Mahasiswa\\Edit_tahun.php', 33)
 2 SYSTEMPATH\View\View.php(228): include('C:\\laragon\\www\\Sistem-pembayaran\\app\\Views\\Mahasiswa\\Edit_tahun.php')
 3 SYSTEMPATH\View\View.php(231): CodeIgniter\View\View->CodeIgniter\View\{closure}()
 4 SYSTEMPATH\Common.php(1190): CodeIgniter\View\View->render('Mahasiswa/Edit_tahun', [], true)
 5 APPPATH\Controllers\Mahasiswa_controller.php(134): view('Mahasiswa/Edit_tahun', [...])
 6 SYSTEMPATH\CodeIgniter.php(942): App\Controllers\Mahasiswa_controller->page_edit('9')
 7 SYSTEMPATH\CodeIgniter.php(502): CodeIgniter\CodeIgniter->runController(Object(App\Controllers\Mahasiswa_controller))
 8 SYSTEMPATH\CodeIgniter.php(361): CodeIgniter\CodeIgniter->handleRequest(null, Object(Config\Cache), false)
 9 FCPATH\index.php(79): CodeIgniter\CodeIgniter->run()
10 SYSTEMPATH\Commands\Server\rewrite.php(47): require_once('C:\\laragon\\www\\Sistem-pembayaran\\public\\index.php')
CRITICAL - 2024-07-23 06:09:08 --> foreach() argument must be of type array|object, null given
in APPPATH\Views\Mahasiswa\Edit_tahun.php on line 33.
 1 APPPATH\Views\Mahasiswa\Edit_tahun.php(33): CodeIgniter\Debug\Exceptions->errorHandler(2, 'foreach() argument must be of type array|object, null given', 'C:\\laragon\\www\\Sistem-pembayaran\\app\\Views\\Mahasiswa\\Edit_tahun.php', 33)
 2 SYSTEMPATH\View\View.php(228): include('C:\\laragon\\www\\Sistem-pembayaran\\app\\Views\\Mahasiswa\\Edit_tahun.php')
 3 SYSTEMPATH\View\View.php(231): CodeIgniter\View\View->CodeIgniter\View\{closure}()
 4 SYSTEMPATH\Common.php(1190): CodeIgniter\View\View->render('Mahasiswa/Edit_tahun', [], true)
 5 APPPATH\Controllers\Mahasiswa_controller.php(134): view('Mahasiswa/Edit_tahun', [...])
 6 SYSTEMPATH\CodeIgniter.php(942): App\Controllers\Mahasiswa_controller->page_edit('9')
 7 SYSTEMPATH\CodeIgniter.php(502): CodeIgniter\CodeIgniter->runController(Object(App\Controllers\Mahasiswa_controller))
 8 SYSTEMPATH\CodeIgniter.php(361): CodeIgniter\CodeIgniter->handleRequest(null, Object(Config\Cache), false)
 9 FCPATH\index.php(79): CodeIgniter\CodeIgniter->run()
10 SYSTEMPATH\Commands\Server\rewrite.php(47): require_once('C:\\laragon\\www\\Sistem-pembayaran\\public\\index.php')
CRITICAL - 2024-07-23 06:09:50 --> Undefined property: stdClass::$status_tahunajar
in APPPATH\Views\Mahasiswa\Edit_tahun.php on line 46.
 1 APPPATH\Views\Mahasiswa\Edit_tahun.php(46): CodeIgniter\Debug\Exceptions->errorHandler(2, 'Undefined property: stdClass::$status_tahunajar', 'C:\\laragon\\www\\Sistem-pembayaran\\app\\Views\\Mahasiswa\\Edit_tahun.php', 46)
 2 SYSTEMPATH\View\View.php(228): include('C:\\laragon\\www\\Sistem-pembayaran\\app\\Views\\Mahasiswa\\Edit_tahun.php')
 3 SYSTEMPATH\View\View.php(231): CodeIgniter\View\View->CodeIgniter\View\{closure}()
 4 SYSTEMPATH\Common.php(1190): CodeIgniter\View\View->render('Mahasiswa/Edit_tahun', [], true)
 5 APPPATH\Controllers\Mahasiswa_controller.php(134): view('Mahasiswa/Edit_tahun', [...])
 6 SYSTEMPATH\CodeIgniter.php(942): App\Controllers\Mahasiswa_controller->page_edit('9')
 7 SYSTEMPATH\CodeIgniter.php(502): CodeIgniter\CodeIgniter->runController(Object(App\Controllers\Mahasiswa_controller))
 8 SYSTEMPATH\CodeIgniter.php(361): CodeIgniter\CodeIgniter->handleRequest(null, Object(Config\Cache), false)
 9 FCPATH\index.php(79): CodeIgniter\CodeIgniter->run()
10 SYSTEMPATH\Commands\Server\rewrite.php(47): require_once('C:\\laragon\\www\\Sistem-pembayaran\\public\\index.php')
CRITICAL - 2024-07-23 06:10:48 --> Undefined property: stdClass::$status_tahunajar
in APPPATH\Views\Mahasiswa\Edit_tahun.php on line 46.
 1 APPPATH\Views\Mahasiswa\Edit_tahun.php(46): CodeIgniter\Debug\Exceptions->errorHandler(2, 'Undefined property: stdClass::$status_tahunajar', 'C:\\laragon\\www\\Sistem-pembayaran\\app\\Views\\Mahasiswa\\Edit_tahun.php', 46)
 2 SYSTEMPATH\View\View.php(228): include('C:\\laragon\\www\\Sistem-pembayaran\\app\\Views\\Mahasiswa\\Edit_tahun.php')
 3 SYSTEMPATH\View\View.php(231): CodeIgniter\View\View->CodeIgniter\View\{closure}()
 4 SYSTEMPATH\Common.php(1190): CodeIgniter\View\View->render('Mahasiswa/Edit_tahun', [], true)
 5 APPPATH\Controllers\Mahasiswa_controller.php(134): view('Mahasiswa/Edit_tahun', [...])
 6 SYSTEMPATH\CodeIgniter.php(942): App\Controllers\Mahasiswa_controller->page_edit('9')
 7 SYSTEMPATH\CodeIgniter.php(502): CodeIgniter\CodeIgniter->runController(Object(App\Controllers\Mahasiswa_controller))
 8 SYSTEMPATH\CodeIgniter.php(361): CodeIgniter\CodeIgniter->handleRequest(null, Object(Config\Cache), false)
 9 FCPATH\index.php(79): CodeIgniter\CodeIgniter->run()
10 SYSTEMPATH\Commands\Server\rewrite.php(47): require_once('C:\\laragon\\www\\Sistem-pembayaran\\public\\index.php')
INFO - 2024-07-23 06:12:07 --> Session: Class initialized using 'CodeIgniter\Session\Handlers\FileHandler' driver.
INFO - 2024-07-23 06:13:41 --> Session: Class initialized using 'CodeIgniter\Session\Handlers\FileHandler' driver.
INFO - 2024-07-23 06:14:30 --> Session: Class initialized using 'CodeIgniter\Session\Handlers\FileHandler' driver.
INFO - 2024-07-23 06:14:32 --> Session: Class initialized using 'CodeIgniter\Session\Handlers\FileHandler' driver.
INFO - 2024-07-23 06:14:32 --> Session: Class initialized using 'CodeIgniter\Session\Handlers\FileHandler' driver.
INFO - 2024-07-23 06:14:36 --> Session: Class initialized using 'CodeIgniter\Session\Handlers\FileHandler' driver.
INFO - 2024-07-23 06:14:41 --> Session: Class initialized using 'CodeIgniter\Session\Handlers\FileHandler' driver.
INFO - 2024-07-23 06:18:50 --> Session: Class initialized using 'CodeIgniter\Session\Handlers\FileHandler' driver.
INFO - 2024-07-23 06:24:40 --> Session: Class initialized using 'CodeIgniter\Session\Handlers\FileHandler' driver.
INFO - 2024-07-23 06:24:42 --> Session: Class initialized using 'CodeIgniter\Session\Handlers\FileHandler' driver.
CRITICAL - 2024-07-23 06:24:45 --> Cannot access offset of type string on string
in APPPATH\Models\Tahun_ajaran_model.php on line 31.
 1 APPPATH\Controllers\Mahasiswa_controller.php(156): App\Models\Tahun_ajaran_model->edit_post('9', [...])
 2 SYSTEMPATH\CodeIgniter.php(942): App\Controllers\Mahasiswa_controller->edit('9')
 3 SYSTEMPATH\CodeIgniter.php(502): CodeIgniter\CodeIgniter->runController(Object(App\Controllers\Mahasiswa_controller))
 4 SYSTEMPATH\CodeIgniter.php(361): CodeIgniter\CodeIgniter->handleRequest(null, Object(Config\Cache), false)
 5 FCPATH\index.php(79): CodeIgniter\CodeIgniter->run()
 6 SYSTEMPATH\Commands\Server\rewrite.php(47): require_once('C:\\laragon\\www\\Sistem-pembayaran\\public\\index.php')
CRITICAL - 2024-07-23 06:25:13 --> 9 is not a valid HTTP return status code
in SYSTEMPATH\HTTP\ResponseTrait.php on line 155.
 1 SYSTEMPATH\HTTP\ResponseTrait.php(155): CodeIgniter\HTTP\Exceptions\HTTPException::forInvalidStatusCode(9)
 2 SYSTEMPATH\HTTP\ResponseTrait.php(544): CodeIgniter\HTTP\Response->setStatusCode(9)
 3 SYSTEMPATH\HTTP\RedirectResponse.php(42): CodeIgniter\HTTP\Response->redirect('http://localhost:8080/index.php/tahun_ajaran', 'auto', 9)
 4 APPPATH\Controllers\Mahasiswa_controller.php(157): CodeIgniter\HTTP\RedirectResponse->to('http://localhost:8080/index.php/tahun_ajaran', 9)
 5 SYSTEMPATH\CodeIgniter.php(942): App\Controllers\Mahasiswa_controller->edit('9')
 6 SYSTEMPATH\CodeIgniter.php(502): CodeIgniter\CodeIgniter->runController(Object(App\Controllers\Mahasiswa_controller))
 7 SYSTEMPATH\CodeIgniter.php(361): CodeIgniter\CodeIgniter->handleRequest(null, Object(Config\Cache), false)
 8 FCPATH\index.php(79): CodeIgniter\CodeIgniter->run()
 9 SYSTEMPATH\Commands\Server\rewrite.php(47): require_once('C:\\laragon\\www\\Sistem-pembayaran\\public\\index.php')
INFO - 2024-07-23 06:25:36 --> Session: Class initialized using 'CodeIgniter\Session\Handlers\FileHandler' driver.
INFO - 2024-07-23 06:26:50 --> Session: Class initialized using 'CodeIgniter\Session\Handlers\FileHandler' driver.
CRITICAL - 2024-07-23 06:26:52 --> view(): Argument #2 ($data) must be of type array, string given, called in C:\laragon\www\Sistem-pembayaran\app\Controllers\Mahasiswa_controller.php on line 157
in SYSTEMPATH\Common.php on line 1178.
 1 APPPATH\Controllers\Mahasiswa_controller.php(157): view('Mahasiswa/Tahun_ajar', '9')
 2 SYSTEMPATH\CodeIgniter.php(942): App\Controllers\Mahasiswa_controller->edit('9')
 3 SYSTEMPATH\CodeIgniter.php(502): CodeIgniter\CodeIgniter->runController(Object(App\Controllers\Mahasiswa_controller))
 4 SYSTEMPATH\CodeIgniter.php(361): CodeIgniter\CodeIgniter->handleRequest(null, Object(Config\Cache), false)
 5 FCPATH\index.php(79): CodeIgniter\CodeIgniter->run()
 6 SYSTEMPATH\Commands\Server\rewrite.php(47): require_once('C:\\laragon\\www\\Sistem-pembayaran\\public\\index.php')
INFO - 2024-07-23 06:28:23 --> Session: Class initialized using 'CodeIgniter\Session\Handlers\FileHandler' driver.
INFO - 2024-07-23 06:28:26 --> Session: Class initialized using 'CodeIgniter\Session\Handlers\FileHandler' driver.
INFO - 2024-07-23 06:28:29 --> Session: Class initialized using 'CodeIgniter\Session\Handlers\FileHandler' driver.
INFO - 2024-07-23 06:41:35 --> Session: Class initialized using 'CodeIgniter\Session\Handlers\FileHandler' driver.
INFO - 2024-07-23 21:20:22 --> Session: Class initialized using 'CodeIgniter\Session\Handlers\FileHandler' driver.
INFO - 2024-07-23 21:20:33 --> Session: Class initialized using 'CodeIgniter\Session\Handlers\FileHandler' driver.
INFO - 2024-07-23 21:20:34 --> Session: Class initialized using 'CodeIgniter\Session\Handlers\FileHandler' driver.
INFO - 2024-07-23 21:30:30 --> Session: Class initialized using 'CodeIgniter\Session\Handlers\FileHandler' driver.
INFO - 2024-07-23 21:30:37 --> Session: Class initialized using 'CodeIgniter\Session\Handlers\FileHandler' driver.
INFO - 2024-07-23 21:30:43 --> Session: Class initialized using 'CodeIgniter\Session\Handlers\FileHandler' driver.
INFO - 2024-07-23 21:31:10 --> Session: Class initialized using 'CodeIgniter\Session\Handlers\FileHandler' driver.
INFO - 2024-07-23 21:34:39 --> Session: Class initialized using 'CodeIgniter\Session\Handlers\FileHandler' driver.
INFO - 2024-07-23 21:34:48 --> Session: Class initialized using 'CodeIgniter\Session\Handlers\FileHandler' driver.
INFO - 2024-07-23 21:34:52 --> Session: Class initialized using 'CodeIgniter\Session\Handlers\FileHandler' driver.
INFO - 2024-07-23 21:36:08 --> Session: Class initialized using 'CodeIgniter\Session\Handlers\FileHandler' driver.
INFO - 2024-07-23 21:36:15 --> Session: Class initialized using 'CodeIgniter\Session\Handlers\FileHandler' driver.
INFO - 2024-07-23 21:36:20 --> Session: Class initialized using 'CodeIgniter\Session\Handlers\FileHandler' driver.
INFO - 2024-07-23 21:37:24 --> Session: Class initialized using 'CodeIgniter\Session\Handlers\FileHandler' driver.
INFO - 2024-07-23 21:40:37 --> Session: Class initialized using 'CodeIgniter\Session\Handlers\FileHandler' driver.
INFO - 2024-07-23 21:57:59 --> Session: Class initialized using 'CodeIgniter\Session\Handlers\FileHandler' driver.
INFO - 2024-07-23 21:58:05 --> Session: Class initialized using 'CodeIgniter\Session\Handlers\FileHandler' driver.
INFO - 2024-07-23 21:58:11 --> Session: Class initialized using 'CodeIgniter\Session\Handlers\FileHandler' driver.
INFO - 2024-07-23 21:58:14 --> Session: Class initialized using 'CodeIgniter\Session\Handlers\FileHandler' driver.
INFO - 2024-07-23 21:59:36 --> Session: Class initialized using 'CodeIgniter\Session\Handlers\FileHandler' driver.
INFO - 2024-07-23 21:59:41 --> Session: Class initialized using 'CodeIgniter\Session\Handlers\FileHandler' driver.
INFO - 2024-07-23 21:59:50 --> Session: Class initialized using 'CodeIgniter\Session\Handlers\FileHandler' driver.
INFO - 2024-07-23 22:02:18 --> Session: Class initialized using 'CodeIgniter\Session\Handlers\FileHandler' driver.
INFO - 2024-07-23 22:04:40 --> Session: Class initialized using 'CodeIgniter\Session\Handlers\FileHandler' driver.
